12-02 21:17:42 com_github_MitjaNemec_ReplicateLayout.action_replicate_layout 392:Plugin executed on: 'win32'
12-02 21:17:42 com_github_MitjaNemec_ReplicateLayout.action_replicate_layout 393:Plugin executed with python version: '3.11.5 (main, Jul 16 2024, 08:01:06) [MSC v.1939 64 bit (AMD64)]'
12-02 21:17:42 com_github_MitjaNemec_ReplicateLayout.action_replicate_layout 394:KiCad build version: 8.0.4
12-02 21:17:42 com_github_MitjaNemec_ReplicateLayout.action_replicate_layout 395:Plugin version: 3.0.3
12-02 21:17:42 com_github_MitjaNemec_ReplicateLayout.action_replicate_layout 396:Frame repr: <wx._core.Frame object at 0x000001BE00D803A0>
12-02 21:17:42 com_github_MitjaNemec_ReplicateLayout.action_replicate_layout 420:Preparing replicator with J3 as a reference
12-02 21:17:42 com_github_MitjaNemec_ReplicateLayout.replicate_layout 117:getting a list of all footprints on board
12-02 21:17:42 com_github_MitjaNemec_ReplicateLayout.action_replicate_layout 468:source anchor footprint is 'J3'
Located on: ['Mux', 'Signal 1']
With filenames: ['mux.kicad_sch', 'signal.kicad_sch']
With sheet_id:['Mux', 'Signal 1']
12-02 21:17:42 com_github_MitjaNemec_ReplicateLayout.action_replicate_layout 475:Corresponding footprints are 
[('J7', ['Mux', 'Signal 5']), ('J8', ['Mux', 'Signal 6']), ('J6', ['Mux', 'Signal 4']), ('J10', ['Mux', 'Signal 8']), ('J5', ['Mux', 'Signal 3']), ('J9', ['Mux', 'Signal 7']), ('J3', ['Mux', 'Signal 1']), ('J4', ['Mux', 'Signal 2'])]
12-02 21:17:42 com_github_MitjaNemec_ReplicateLayout.action_replicate_layout 487:Showing dialog
12-02 21:17:42 com_github_MitjaNemec_ReplicateLayout.replicate_layout 472:constructing a list of sheets suitable for replication on level:'Signal 1', file:'signal.kicad_sch'
12-02 21:17:42 com_github_MitjaNemec_ReplicateLayout.replicate_layout 509:suitable sheets are:[['Mux', 'Signal 2'], ['Mux', 'Signal 3'], ['Mux', 'Signal 4'], ['Mux', 'Signal 5'], ['Mux', 'Signal 6'], ['Mux', 'Signal 7'], ['Mux', 'Signal 8']]
12-02 21:17:42 com_github_MitjaNemec_ReplicateLayout.replicate_layout 1507:Level selected: ['Mux', 'Signal 1']
12-02 21:17:42 com_github_MitjaNemec_ReplicateLayout.replicate_layout 1331:Filtering list of tracks
12-02 21:17:42 com_github_MitjaNemec_ReplicateLayout.action_replicate_layout 493:Toolbar position: wx.Point(1685, 85)
12-02 21:17:42 com_github_MitjaNemec_ReplicateLayout.action_replicate_layout 498:Dialog position: wx.Point(1246, 85)
12-02 21:17:48 com_github_MitjaNemec_ReplicateLayout.replicate_layout 472:constructing a list of sheets suitable for replication on level:'Signal 1', file:'signal.kicad_sch'
12-02 21:17:48 com_github_MitjaNemec_ReplicateLayout.replicate_layout 509:suitable sheets are:[['Mux', 'Signal 2'], ['Mux', 'Signal 3'], ['Mux', 'Signal 4'], ['Mux', 'Signal 5'], ['Mux', 'Signal 6'], ['Mux', 'Signal 7'], ['Mux', 'Signal 8']]
12-02 21:17:48 com_github_MitjaNemec_ReplicateLayout.action_replicate_layout 240:Replicating layout
12-02 21:17:48 com_github_MitjaNemec_ReplicateLayout.replicate_layout 288:Starting replication of sheets: [['Mux', 'Signal 2'], ['Mux', 'Signal 3'], ['Mux', 'Signal 4'], ['Mux', 'Signal 5'], ['Mux', 'Signal 6'], ['Mux', 'Signal 7'], ['Mux', 'Signal 8']]
on level: ['Mux', 'Signal 1']
with tracks=True, zone=True, text=True, text=True, intersecting=False, remove=True, locked footprints=False, group_only=False
12-02 21:17:48 root 332:updating GUI message: 'Preparing for replication'
12-02 21:17:48 root 337:updating GUI with: 0
12-02 21:17:48 com_github_MitjaNemec_ReplicateLayout.replicate_layout 358:Getting the list of source footprints
12-02 21:17:48 com_github_MitjaNemec_ReplicateLayout.replicate_layout 368:Getting the list of all the remaining footprints
12-02 21:17:48 com_github_MitjaNemec_ReplicateLayout.replicate_layout 375:Getting source tracks
12-02 21:17:48 com_github_MitjaNemec_ReplicateLayout.replicate_layout 1331:Filtering list of tracks
12-02 21:17:48 com_github_MitjaNemec_ReplicateLayout.replicate_layout 379:Getting source zones
12-02 21:17:48 com_github_MitjaNemec_ReplicateLayout.replicate_layout 383:Getting source text items
12-02 21:17:48 com_github_MitjaNemec_ReplicateLayout.replicate_layout 387:Getting source drawing items
12-02 21:17:48 com_github_MitjaNemec_ReplicateLayout.replicate_layout 320:Removing tracks and zones, before footprint placement
12-02 21:17:48 root 332:updating GUI message: 'Removing zones and tracks'
12-02 21:17:48 root 337:updating GUI with: 0
12-02 21:17:48 com_github_MitjaNemec_ReplicateLayout.replicate_layout 1277:Remove bounding box top:47225390, bottom:59874590, Left:44370000, Right:82500000
12-02 21:17:48 com_github_MitjaNemec_ReplicateLayout.replicate_layout 1277:Remove bounding box top:59925390, bottom:72574590, Left:44395495, Right:82525495
12-02 21:17:48 com_github_MitjaNemec_ReplicateLayout.replicate_layout 1277:Remove bounding box top:72625390, bottom:85274590, Left:44395505, Right:82525505
12-02 21:17:48 com_github_MitjaNemec_ReplicateLayout.replicate_layout 1277:Remove bounding box top:85325390, bottom:97974590, Left:44395505, Right:82525505
12-02 21:17:48 root 337:updating GUI with: 57
12-02 21:17:48 com_github_MitjaNemec_ReplicateLayout.replicate_layout 1277:Remove bounding box top:98025390, bottom:110674590, Left:44395505, Right:82525505
12-02 21:17:48 com_github_MitjaNemec_ReplicateLayout.replicate_layout 1277:Remove bounding box top:110725390, bottom:123374590, Left:44395495, Right:82525495
12-02 21:17:48 com_github_MitjaNemec_ReplicateLayout.replicate_layout 1277:Remove bounding box top:123425390, bottom:136074590, Left:44395495, Right:82525495
12-02 21:17:48 root 332:updating GUI message: 'Replicating footprints'
12-02 21:17:48 com_github_MitjaNemec_ReplicateLayout.replicate_layout 861:Replicating footprints
12-02 21:17:48 com_github_MitjaNemec_ReplicateLayout.replicate_layout 868:Replicating footprints on sheet ['Mux', 'Signal 2']
12-02 21:17:48 com_github_MitjaNemec_ReplicateLayout.replicate_layout 985:Src text UUid:809aabac-be11-4479-a4a1-f2cec6a12658
12-02 21:17:48 com_github_MitjaNemec_ReplicateLayout.replicate_layout 986:Dst text UUid:7d32eeee-642b-47c1-acc3-ebdec1e862d8
12-02 21:17:48 com_github_MitjaNemec_ReplicateLayout.replicate_layout 985:Src text UUid:7b8d91c6-73b0-4529-a975-7a133e9f88d2
12-02 21:17:48 com_github_MitjaNemec_ReplicateLayout.replicate_layout 986:Dst text UUid:ad23f0e3-d143-4b46-b5c3-6bf5be90396f
12-02 21:17:48 com_github_MitjaNemec_ReplicateLayout.replicate_layout 985:Src text UUid:1714fcd5-bba3-48a2-bcc8-df70578e9c77
12-02 21:17:48 com_github_MitjaNemec_ReplicateLayout.replicate_layout 986:Dst text UUid:a383a751-cdcd-4e2d-a90f-469416cf5ccb
12-02 21:17:48 com_github_MitjaNemec_ReplicateLayout.replicate_layout 985:Src text UUid:638613f2-5e72-460b-833d-ded98e66b9d8
12-02 21:17:48 com_github_MitjaNemec_ReplicateLayout.replicate_layout 986:Dst text UUid:fcceec43-defa-4a34-91be-344f4bbd3ecb
12-02 21:17:48 com_github_MitjaNemec_ReplicateLayout.replicate_layout 985:Src text UUid:f6976f13-0183-4346-9b88-c46e8f305e6f
12-02 21:17:48 com_github_MitjaNemec_ReplicateLayout.replicate_layout 986:Dst text UUid:2d656000-9f70-4800-af50-df5665aa8c66
12-02 21:17:48 com_github_MitjaNemec_ReplicateLayout.replicate_layout 985:Src text UUid:4ca4415d-2a4f-498c-a990-60d20fe4fa6c
12-02 21:17:48 com_github_MitjaNemec_ReplicateLayout.replicate_layout 986:Dst text UUid:4055281c-04a7-466a-83cc-9a846c39471d
12-02 21:17:48 com_github_MitjaNemec_ReplicateLayout.replicate_layout 985:Src text UUid:66dcc3fd-a8bc-4bcc-bc2f-86558af60021
12-02 21:17:48 com_github_MitjaNemec_ReplicateLayout.replicate_layout 986:Dst text UUid:e143910c-823b-4e6f-a757-07382c59d669
12-02 21:17:48 com_github_MitjaNemec_ReplicateLayout.replicate_layout 985:Src text UUid:546fe8e5-06ee-4b6a-85ae-bbd4096f6d1a
12-02 21:17:48 com_github_MitjaNemec_ReplicateLayout.replicate_layout 986:Dst text UUid:cfc6c598-1495-4531-97bd-a43e88bd2f05
12-02 21:17:48 com_github_MitjaNemec_ReplicateLayout.replicate_layout 985:Src text UUid:5fbfc2bc-e15c-461d-ab58-f75f79d455aa
12-02 21:17:48 com_github_MitjaNemec_ReplicateLayout.replicate_layout 986:Dst text UUid:5b839486-9cbb-49ef-b2ee-504594daae85
12-02 21:17:48 com_github_MitjaNemec_ReplicateLayout.replicate_layout 985:Src text UUid:2a120c76-99c7-4867-a898-5524ba42a889
12-02 21:17:48 com_github_MitjaNemec_ReplicateLayout.replicate_layout 986:Dst text UUid:41400601-a06a-444f-b099-3f2d20f212fa
12-02 21:17:48 com_github_MitjaNemec_ReplicateLayout.replicate_layout 985:Src text UUid:6ab0100b-2ac0-4387-9fd9-1aa358b66ad9
12-02 21:17:48 com_github_MitjaNemec_ReplicateLayout.replicate_layout 986:Dst text UUid:1c169067-aa8b-480f-bac4-69e7fae19a2c
12-02 21:17:48 com_github_MitjaNemec_ReplicateLayout.replicate_layout 985:Src text UUid:33f22fa2-b7f5-4db4-856e-d2ccf71bfed5
12-02 21:17:48 com_github_MitjaNemec_ReplicateLayout.replicate_layout 986:Dst text UUid:bd48e46f-b340-455d-ab96-ed7b90adbc9d
12-02 21:17:48 com_github_MitjaNemec_ReplicateLayout.replicate_layout 985:Src text UUid:5d3e08c5-389c-430b-ac71-a5b1d2791037
12-02 21:17:48 com_github_MitjaNemec_ReplicateLayout.replicate_layout 986:Dst text UUid:1826460d-1eb5-41bc-9a54-9c95350df743
12-02 21:17:48 com_github_MitjaNemec_ReplicateLayout.replicate_layout 985:Src text UUid:8997ccaa-f688-46bb-9799-e8381c81bf23
12-02 21:17:48 com_github_MitjaNemec_ReplicateLayout.replicate_layout 986:Dst text UUid:f081bdd1-463c-4de9-91dc-e5b79c0f9202
12-02 21:17:48 com_github_MitjaNemec_ReplicateLayout.replicate_layout 985:Src text UUid:61848f5c-1c78-4169-9674-ecf34dbad480
12-02 21:17:48 com_github_MitjaNemec_ReplicateLayout.replicate_layout 986:Dst text UUid:0d9fd96f-f81b-4188-b88e-eeddac476ba6
12-02 21:17:48 com_github_MitjaNemec_ReplicateLayout.replicate_layout 985:Src text UUid:a35bdb9d-61df-4de0-bccb-c29f6c12621f
12-02 21:17:48 com_github_MitjaNemec_ReplicateLayout.replicate_layout 986:Dst text UUid:96a5704f-ec43-4414-9481-93cb033b9e4f
12-02 21:17:48 com_github_MitjaNemec_ReplicateLayout.replicate_layout 985:Src text UUid:3ec8bfaa-6645-4265-a6a1-db898cbdd89f
12-02 21:17:48 com_github_MitjaNemec_ReplicateLayout.replicate_layout 986:Dst text UUid:00ab4e13-9cc2-4b1b-87ae-3fe881ae023a
12-02 21:17:48 com_github_MitjaNemec_ReplicateLayout.replicate_layout 985:Src text UUid:9dd8711f-b07a-40de-a266-a8b48e568be8
12-02 21:17:48 com_github_MitjaNemec_ReplicateLayout.replicate_layout 986:Dst text UUid:be7ef474-db2e-4c7b-868d-8ba19d86b087
12-02 21:17:48 com_github_MitjaNemec_ReplicateLayout.replicate_layout 985:Src text UUid:d5e6b4fe-21d5-426a-b6a5-b2ac15fbaf72
12-02 21:17:48 com_github_MitjaNemec_ReplicateLayout.replicate_layout 986:Dst text UUid:c5bcb501-cebf-44b9-bcbb-1ca9163a1c2a
12-02 21:17:48 com_github_MitjaNemec_ReplicateLayout.replicate_layout 985:Src text UUid:fc2ca5ea-3902-4fce-80b7-965a8039059c
12-02 21:17:48 com_github_MitjaNemec_ReplicateLayout.replicate_layout 986:Dst text UUid:eeaa36e4-f14f-49f1-924a-abd1728d69b1
12-02 21:17:48 com_github_MitjaNemec_ReplicateLayout.replicate_layout 985:Src text UUid:c3bbb35f-afc5-4bc9-9535-587ef52f3b60
12-02 21:17:48 com_github_MitjaNemec_ReplicateLayout.replicate_layout 986:Dst text UUid:2d25c319-ea9c-46b9-8e72-4bd45af00f41
12-02 21:17:48 root 337:updating GUI with: 12
12-02 21:17:48 com_github_MitjaNemec_ReplicateLayout.replicate_layout 985:Src text UUid:ca05dd5e-0eb0-4f6c-90d3-900cef1e41a8
12-02 21:17:48 com_github_MitjaNemec_ReplicateLayout.replicate_layout 986:Dst text UUid:f985a99b-81ed-408b-bc2a-6058bcc1c799
12-02 21:17:48 com_github_MitjaNemec_ReplicateLayout.replicate_layout 985:Src text UUid:7059bc8d-631f-4cd8-b725-c0c36550bc26
12-02 21:17:48 com_github_MitjaNemec_ReplicateLayout.replicate_layout 986:Dst text UUid:cd5e68a7-8c7a-437a-aa8c-5a8cbdf07a42
12-02 21:17:48 com_github_MitjaNemec_ReplicateLayout.replicate_layout 985:Src text UUid:64c8dc0e-184b-444f-9623-35cd3bb3dd34
12-02 21:17:48 com_github_MitjaNemec_ReplicateLayout.replicate_layout 986:Dst text UUid:96eb10f3-ad8c-4c4a-990d-043ddcaeaaed
12-02 21:17:48 com_github_MitjaNemec_ReplicateLayout.replicate_layout 985:Src text UUid:4da1220f-22c8-418e-9e2a-206fb741053b
12-02 21:17:48 com_github_MitjaNemec_ReplicateLayout.replicate_layout 986:Dst text UUid:aaf9c526-3816-49ec-bde9-d7ba3d3ae34c
12-02 21:17:48 com_github_MitjaNemec_ReplicateLayout.replicate_layout 985:Src text UUid:dc38bb55-100c-4398-9c5a-cd267b26f82f
12-02 21:17:48 com_github_MitjaNemec_ReplicateLayout.replicate_layout 986:Dst text UUid:f8ed3a79-3a4e-4108-8d4b-e6054fe91c56
12-02 21:17:48 com_github_MitjaNemec_ReplicateLayout.replicate_layout 868:Replicating footprints on sheet ['Mux', 'Signal 3']
12-02 21:17:48 com_github_MitjaNemec_ReplicateLayout.replicate_layout 985:Src text UUid:809aabac-be11-4479-a4a1-f2cec6a12658
12-02 21:17:48 com_github_MitjaNemec_ReplicateLayout.replicate_layout 986:Dst text UUid:50e4cd35-c308-4f98-ae7c-58a0fd34f64c
12-02 21:17:48 com_github_MitjaNemec_ReplicateLayout.replicate_layout 985:Src text UUid:7b8d91c6-73b0-4529-a975-7a133e9f88d2
12-02 21:17:48 com_github_MitjaNemec_ReplicateLayout.replicate_layout 986:Dst text UUid:5f6fe529-4735-467b-8174-79ba4be8a46c
12-02 21:17:48 com_github_MitjaNemec_ReplicateLayout.replicate_layout 985:Src text UUid:1714fcd5-bba3-48a2-bcc8-df70578e9c77
12-02 21:17:48 com_github_MitjaNemec_ReplicateLayout.replicate_layout 986:Dst text UUid:86c5a0f5-98e5-4005-9d7d-723f40359be2
12-02 21:17:48 com_github_MitjaNemec_ReplicateLayout.replicate_layout 985:Src text UUid:638613f2-5e72-460b-833d-ded98e66b9d8
12-02 21:17:48 com_github_MitjaNemec_ReplicateLayout.replicate_layout 986:Dst text UUid:bf6e0e8d-6753-43b6-8266-0e555cd96753
12-02 21:17:48 com_github_MitjaNemec_ReplicateLayout.replicate_layout 985:Src text UUid:f6976f13-0183-4346-9b88-c46e8f305e6f
12-02 21:17:48 com_github_MitjaNemec_ReplicateLayout.replicate_layout 986:Dst text UUid:54ba6745-0ec0-4aac-898c-694a842f56d1
12-02 21:17:48 com_github_MitjaNemec_ReplicateLayout.replicate_layout 985:Src text UUid:4ca4415d-2a4f-498c-a990-60d20fe4fa6c
12-02 21:17:48 com_github_MitjaNemec_ReplicateLayout.replicate_layout 986:Dst text UUid:4a664db0-c696-494d-9171-71b64edbfa2a
12-02 21:17:48 com_github_MitjaNemec_ReplicateLayout.replicate_layout 985:Src text UUid:66dcc3fd-a8bc-4bcc-bc2f-86558af60021
12-02 21:17:48 com_github_MitjaNemec_ReplicateLayout.replicate_layout 986:Dst text UUid:2c62fd64-82ed-40eb-91d4-cd2613da55d9
12-02 21:17:48 com_github_MitjaNemec_ReplicateLayout.replicate_layout 985:Src text UUid:546fe8e5-06ee-4b6a-85ae-bbd4096f6d1a
12-02 21:17:48 com_github_MitjaNemec_ReplicateLayout.replicate_layout 986:Dst text UUid:200e4cd9-a142-48b3-884e-dca1aa757f02
12-02 21:17:48 com_github_MitjaNemec_ReplicateLayout.replicate_layout 985:Src text UUid:5fbfc2bc-e15c-461d-ab58-f75f79d455aa
12-02 21:17:48 com_github_MitjaNemec_ReplicateLayout.replicate_layout 986:Dst text UUid:6d5dc187-1d07-4a27-80ec-a03995ce19ed
12-02 21:17:48 com_github_MitjaNemec_ReplicateLayout.replicate_layout 985:Src text UUid:2a120c76-99c7-4867-a898-5524ba42a889
12-02 21:17:48 com_github_MitjaNemec_ReplicateLayout.replicate_layout 986:Dst text UUid:b17e5533-f255-4bea-9a19-31c418f5b3f4
12-02 21:17:48 com_github_MitjaNemec_ReplicateLayout.replicate_layout 985:Src text UUid:6ab0100b-2ac0-4387-9fd9-1aa358b66ad9
12-02 21:17:48 com_github_MitjaNemec_ReplicateLayout.replicate_layout 986:Dst text UUid:91cd37ae-47b0-4824-96ab-69b9f0c18936
12-02 21:17:48 com_github_MitjaNemec_ReplicateLayout.replicate_layout 985:Src text UUid:33f22fa2-b7f5-4db4-856e-d2ccf71bfed5
12-02 21:17:48 com_github_MitjaNemec_ReplicateLayout.replicate_layout 986:Dst text UUid:dc3e3b53-a60e-4553-af68-8afc67662d39
12-02 21:17:48 com_github_MitjaNemec_ReplicateLayout.replicate_layout 985:Src text UUid:5d3e08c5-389c-430b-ac71-a5b1d2791037
12-02 21:17:48 com_github_MitjaNemec_ReplicateLayout.replicate_layout 986:Dst text UUid:2e431d4b-3f52-45ca-9566-e32c0d8b5b03
12-02 21:17:48 com_github_MitjaNemec_ReplicateLayout.replicate_layout 985:Src text UUid:8997ccaa-f688-46bb-9799-e8381c81bf23
12-02 21:17:48 com_github_MitjaNemec_ReplicateLayout.replicate_layout 986:Dst text UUid:f3117a73-32be-46fa-a39e-10d2528bc724
12-02 21:17:48 com_github_MitjaNemec_ReplicateLayout.replicate_layout 985:Src text UUid:61848f5c-1c78-4169-9674-ecf34dbad480
12-02 21:17:48 com_github_MitjaNemec_ReplicateLayout.replicate_layout 986:Dst text UUid:75da60c4-a758-4121-9d86-1358d3c30e7d
12-02 21:17:48 com_github_MitjaNemec_ReplicateLayout.replicate_layout 985:Src text UUid:a35bdb9d-61df-4de0-bccb-c29f6c12621f
12-02 21:17:48 com_github_MitjaNemec_ReplicateLayout.replicate_layout 986:Dst text UUid:5ec906a3-ddc9-48fc-aadf-4731e5aa75fc
12-02 21:17:48 com_github_MitjaNemec_ReplicateLayout.replicate_layout 985:Src text UUid:3ec8bfaa-6645-4265-a6a1-db898cbdd89f
12-02 21:17:48 com_github_MitjaNemec_ReplicateLayout.replicate_layout 986:Dst text UUid:06c89fea-1311-4f16-bcdf-69c3d3b1ef9e
12-02 21:17:48 com_github_MitjaNemec_ReplicateLayout.replicate_layout 985:Src text UUid:9dd8711f-b07a-40de-a266-a8b48e568be8
12-02 21:17:48 com_github_MitjaNemec_ReplicateLayout.replicate_layout 986:Dst text UUid:d9ac4cbb-4a60-4027-a8a7-96f45fc7a556
12-02 21:17:48 com_github_MitjaNemec_ReplicateLayout.replicate_layout 985:Src text UUid:d5e6b4fe-21d5-426a-b6a5-b2ac15fbaf72
12-02 21:17:48 com_github_MitjaNemec_ReplicateLayout.replicate_layout 986:Dst text UUid:14a50d7a-306e-4459-8a22-a70620126f5f
12-02 21:17:48 com_github_MitjaNemec_ReplicateLayout.replicate_layout 985:Src text UUid:fc2ca5ea-3902-4fce-80b7-965a8039059c
12-02 21:17:48 com_github_MitjaNemec_ReplicateLayout.replicate_layout 986:Dst text UUid:f3a82adc-6911-4fed-9345-aa4b7accd677
12-02 21:17:48 com_github_MitjaNemec_ReplicateLayout.replicate_layout 985:Src text UUid:c3bbb35f-afc5-4bc9-9535-587ef52f3b60
12-02 21:17:48 com_github_MitjaNemec_ReplicateLayout.replicate_layout 986:Dst text UUid:36e865d0-4858-467b-b845-0f8e3343e5ba
12-02 21:17:48 com_github_MitjaNemec_ReplicateLayout.replicate_layout 985:Src text UUid:ca05dd5e-0eb0-4f6c-90d3-900cef1e41a8
12-02 21:17:48 com_github_MitjaNemec_ReplicateLayout.replicate_layout 986:Dst text UUid:59ebd85c-3a02-4b5d-84bd-60f172aedcc1
12-02 21:17:48 com_github_MitjaNemec_ReplicateLayout.replicate_layout 985:Src text UUid:7059bc8d-631f-4cd8-b725-c0c36550bc26
12-02 21:17:48 com_github_MitjaNemec_ReplicateLayout.replicate_layout 986:Dst text UUid:0f72cf36-a4f1-4e17-8b4e-a66f47f7702a
12-02 21:17:48 com_github_MitjaNemec_ReplicateLayout.replicate_layout 985:Src text UUid:64c8dc0e-184b-444f-9623-35cd3bb3dd34
12-02 21:17:48 com_github_MitjaNemec_ReplicateLayout.replicate_layout 986:Dst text UUid:5b68d07c-ebb0-416b-a9da-381df47832c2
12-02 21:17:48 com_github_MitjaNemec_ReplicateLayout.replicate_layout 985:Src text UUid:4da1220f-22c8-418e-9e2a-206fb741053b
12-02 21:17:48 com_github_MitjaNemec_ReplicateLayout.replicate_layout 986:Dst text UUid:12a378ca-4450-4da3-932e-7ef1abe73ae9
12-02 21:17:48 com_github_MitjaNemec_ReplicateLayout.replicate_layout 985:Src text UUid:dc38bb55-100c-4398-9c5a-cd267b26f82f
12-02 21:17:48 com_github_MitjaNemec_ReplicateLayout.replicate_layout 986:Dst text UUid:af1b985b-0f4f-44f3-b2b9-d4d35e4164b8
12-02 21:17:48 com_github_MitjaNemec_ReplicateLayout.replicate_layout 868:Replicating footprints on sheet ['Mux', 'Signal 4']
12-02 21:17:48 com_github_MitjaNemec_ReplicateLayout.replicate_layout 985:Src text UUid:809aabac-be11-4479-a4a1-f2cec6a12658
12-02 21:17:48 com_github_MitjaNemec_ReplicateLayout.replicate_layout 986:Dst text UUid:7a0ba720-1504-4285-9464-af84861a7931
12-02 21:17:48 com_github_MitjaNemec_ReplicateLayout.replicate_layout 985:Src text UUid:7b8d91c6-73b0-4529-a975-7a133e9f88d2
12-02 21:17:48 com_github_MitjaNemec_ReplicateLayout.replicate_layout 986:Dst text UUid:e866a28f-7495-4fcb-967d-1bd28cf0ad44
12-02 21:17:48 com_github_MitjaNemec_ReplicateLayout.replicate_layout 985:Src text UUid:1714fcd5-bba3-48a2-bcc8-df70578e9c77
12-02 21:17:48 com_github_MitjaNemec_ReplicateLayout.replicate_layout 986:Dst text UUid:b9070ffd-1375-4951-879d-5ac0379fd077
12-02 21:17:48 com_github_MitjaNemec_ReplicateLayout.replicate_layout 985:Src text UUid:638613f2-5e72-460b-833d-ded98e66b9d8
12-02 21:17:48 com_github_MitjaNemec_ReplicateLayout.replicate_layout 986:Dst text UUid:3106a8fd-73d0-4d39-a794-b4b61c73c066
12-02 21:17:48 com_github_MitjaNemec_ReplicateLayout.replicate_layout 985:Src text UUid:f6976f13-0183-4346-9b88-c46e8f305e6f
12-02 21:17:48 com_github_MitjaNemec_ReplicateLayout.replicate_layout 986:Dst text UUid:3435fca5-fde3-479f-af7d-97efd1d50bbb
12-02 21:17:48 com_github_MitjaNemec_ReplicateLayout.replicate_layout 985:Src text UUid:4ca4415d-2a4f-498c-a990-60d20fe4fa6c
12-02 21:17:48 com_github_MitjaNemec_ReplicateLayout.replicate_layout 986:Dst text UUid:ad2f93a1-2747-44ba-8a72-2407d4b0af5e
12-02 21:17:48 com_github_MitjaNemec_ReplicateLayout.replicate_layout 985:Src text UUid:66dcc3fd-a8bc-4bcc-bc2f-86558af60021
12-02 21:17:48 com_github_MitjaNemec_ReplicateLayout.replicate_layout 986:Dst text UUid:3e70df3b-7c49-4eb8-8343-4ef8a2d89210
12-02 21:17:48 com_github_MitjaNemec_ReplicateLayout.replicate_layout 985:Src text UUid:546fe8e5-06ee-4b6a-85ae-bbd4096f6d1a
12-02 21:17:48 com_github_MitjaNemec_ReplicateLayout.replicate_layout 986:Dst text UUid:52627082-96ba-4fba-8b34-8688aa13b101
12-02 21:17:48 com_github_MitjaNemec_ReplicateLayout.replicate_layout 985:Src text UUid:5fbfc2bc-e15c-461d-ab58-f75f79d455aa
12-02 21:17:48 com_github_MitjaNemec_ReplicateLayout.replicate_layout 986:Dst text UUid:9061099e-3190-453c-a6e0-b8dd65d315d5
12-02 21:17:48 com_github_MitjaNemec_ReplicateLayout.replicate_layout 985:Src text UUid:2a120c76-99c7-4867-a898-5524ba42a889
12-02 21:17:48 com_github_MitjaNemec_ReplicateLayout.replicate_layout 986:Dst text UUid:5952235c-2fe1-44e3-aa43-588c8cd99496
12-02 21:17:48 com_github_MitjaNemec_ReplicateLayout.replicate_layout 985:Src text UUid:6ab0100b-2ac0-4387-9fd9-1aa358b66ad9
12-02 21:17:48 com_github_MitjaNemec_ReplicateLayout.replicate_layout 986:Dst text UUid:fbd28cdf-c860-4cd8-82db-ba6d90e229d0
12-02 21:17:48 com_github_MitjaNemec_ReplicateLayout.replicate_layout 985:Src text UUid:33f22fa2-b7f5-4db4-856e-d2ccf71bfed5
12-02 21:17:48 com_github_MitjaNemec_ReplicateLayout.replicate_layout 986:Dst text UUid:f60264a4-6ae7-4964-bc2f-1dc1d3e31df2
12-02 21:17:48 com_github_MitjaNemec_ReplicateLayout.replicate_layout 985:Src text UUid:5d3e08c5-389c-430b-ac71-a5b1d2791037
12-02 21:17:48 com_github_MitjaNemec_ReplicateLayout.replicate_layout 986:Dst text UUid:578d3dfe-b4d3-46d3-bee4-8752c309be71
12-02 21:17:48 com_github_MitjaNemec_ReplicateLayout.replicate_layout 985:Src text UUid:8997ccaa-f688-46bb-9799-e8381c81bf23
12-02 21:17:48 com_github_MitjaNemec_ReplicateLayout.replicate_layout 986:Dst text UUid:1c806125-f84f-4f13-8e0d-3e62f5470982
12-02 21:17:48 com_github_MitjaNemec_ReplicateLayout.replicate_layout 985:Src text UUid:61848f5c-1c78-4169-9674-ecf34dbad480
12-02 21:17:48 com_github_MitjaNemec_ReplicateLayout.replicate_layout 986:Dst text UUid:3ade7c72-9da4-4fa3-aaa1-3078929692fa
12-02 21:17:48 com_github_MitjaNemec_ReplicateLayout.replicate_layout 985:Src text UUid:a35bdb9d-61df-4de0-bccb-c29f6c12621f
12-02 21:17:48 com_github_MitjaNemec_ReplicateLayout.replicate_layout 986:Dst text UUid:432ec5f2-1ff1-472a-bce1-026c74b9f514
12-02 21:17:48 com_github_MitjaNemec_ReplicateLayout.replicate_layout 985:Src text UUid:3ec8bfaa-6645-4265-a6a1-db898cbdd89f
12-02 21:17:48 com_github_MitjaNemec_ReplicateLayout.replicate_layout 986:Dst text UUid:d702f61f-d8b6-47da-acfa-2233fc103457
12-02 21:17:48 com_github_MitjaNemec_ReplicateLayout.replicate_layout 985:Src text UUid:9dd8711f-b07a-40de-a266-a8b48e568be8
12-02 21:17:48 com_github_MitjaNemec_ReplicateLayout.replicate_layout 986:Dst text UUid:4e9811c0-860c-4236-a088-0f40a78a5da6
12-02 21:17:48 com_github_MitjaNemec_ReplicateLayout.replicate_layout 985:Src text UUid:d5e6b4fe-21d5-426a-b6a5-b2ac15fbaf72
12-02 21:17:48 com_github_MitjaNemec_ReplicateLayout.replicate_layout 986:Dst text UUid:9d929fed-4591-4988-a876-87fdb4b1d19e
12-02 21:17:48 com_github_MitjaNemec_ReplicateLayout.replicate_layout 985:Src text UUid:fc2ca5ea-3902-4fce-80b7-965a8039059c
12-02 21:17:48 com_github_MitjaNemec_ReplicateLayout.replicate_layout 986:Dst text UUid:9f411228-d82d-4b2d-9b3f-de9919af8f44
12-02 21:17:48 com_github_MitjaNemec_ReplicateLayout.replicate_layout 985:Src text UUid:c3bbb35f-afc5-4bc9-9535-587ef52f3b60
12-02 21:17:48 com_github_MitjaNemec_ReplicateLayout.replicate_layout 986:Dst text UUid:1a41e2c2-ecae-4051-a0bb-cb3805d184c9
12-02 21:17:48 com_github_MitjaNemec_ReplicateLayout.replicate_layout 985:Src text UUid:ca05dd5e-0eb0-4f6c-90d3-900cef1e41a8
12-02 21:17:48 com_github_MitjaNemec_ReplicateLayout.replicate_layout 986:Dst text UUid:8e86056b-e9d8-4ce3-be4f-a39a0b51a0ec
12-02 21:17:48 com_github_MitjaNemec_ReplicateLayout.replicate_layout 985:Src text UUid:7059bc8d-631f-4cd8-b725-c0c36550bc26
12-02 21:17:48 com_github_MitjaNemec_ReplicateLayout.replicate_layout 986:Dst text UUid:bceeb1f5-c13f-473a-9317-e50f2e650459
12-02 21:17:48 com_github_MitjaNemec_ReplicateLayout.replicate_layout 985:Src text UUid:64c8dc0e-184b-444f-9623-35cd3bb3dd34
12-02 21:17:48 com_github_MitjaNemec_ReplicateLayout.replicate_layout 986:Dst text UUid:5c19e8b5-dabe-4af7-8c80-21083114cc99
12-02 21:17:48 com_github_MitjaNemec_ReplicateLayout.replicate_layout 985:Src text UUid:4da1220f-22c8-418e-9e2a-206fb741053b
12-02 21:17:48 com_github_MitjaNemec_ReplicateLayout.replicate_layout 986:Dst text UUid:728789af-aa61-4d2a-8aea-c107099eb247
12-02 21:17:48 com_github_MitjaNemec_ReplicateLayout.replicate_layout 985:Src text UUid:dc38bb55-100c-4398-9c5a-cd267b26f82f
12-02 21:17:48 com_github_MitjaNemec_ReplicateLayout.replicate_layout 986:Dst text UUid:f86a7b73-d2ef-46e3-bbd7-e731fcfdf24e
12-02 21:17:48 com_github_MitjaNemec_ReplicateLayout.replicate_layout 868:Replicating footprints on sheet ['Mux', 'Signal 5']
12-02 21:17:48 com_github_MitjaNemec_ReplicateLayout.replicate_layout 985:Src text UUid:809aabac-be11-4479-a4a1-f2cec6a12658
12-02 21:17:48 com_github_MitjaNemec_ReplicateLayout.replicate_layout 986:Dst text UUid:699c1a28-1cb7-4d42-9efb-646b75b50a4e
12-02 21:17:48 com_github_MitjaNemec_ReplicateLayout.replicate_layout 985:Src text UUid:7b8d91c6-73b0-4529-a975-7a133e9f88d2
12-02 21:17:48 com_github_MitjaNemec_ReplicateLayout.replicate_layout 986:Dst text UUid:94474d65-0610-4ce2-b672-8632e85b2ce7
12-02 21:17:48 com_github_MitjaNemec_ReplicateLayout.replicate_layout 985:Src text UUid:1714fcd5-bba3-48a2-bcc8-df70578e9c77
12-02 21:17:48 com_github_MitjaNemec_ReplicateLayout.replicate_layout 986:Dst text UUid:ff688cbf-d05a-4318-9a6c-63f506347e3e
12-02 21:17:48 com_github_MitjaNemec_ReplicateLayout.replicate_layout 985:Src text UUid:638613f2-5e72-460b-833d-ded98e66b9d8
12-02 21:17:48 com_github_MitjaNemec_ReplicateLayout.replicate_layout 986:Dst text UUid:0c15b5da-301a-4b68-857c-539be4709057
12-02 21:17:48 com_github_MitjaNemec_ReplicateLayout.replicate_layout 985:Src text UUid:f6976f13-0183-4346-9b88-c46e8f305e6f
12-02 21:17:48 com_github_MitjaNemec_ReplicateLayout.replicate_layout 986:Dst text UUid:be17bcca-753c-430b-98d2-3358f6c1f769
12-02 21:17:48 com_github_MitjaNemec_ReplicateLayout.replicate_layout 985:Src text UUid:4ca4415d-2a4f-498c-a990-60d20fe4fa6c
12-02 21:17:48 com_github_MitjaNemec_ReplicateLayout.replicate_layout 986:Dst text UUid:0ac21251-28f5-4782-803b-07d27559389e
12-02 21:17:48 com_github_MitjaNemec_ReplicateLayout.replicate_layout 985:Src text UUid:66dcc3fd-a8bc-4bcc-bc2f-86558af60021
12-02 21:17:48 com_github_MitjaNemec_ReplicateLayout.replicate_layout 986:Dst text UUid:1cbabd42-fa57-4362-b481-62bd2b3c42f9
12-02 21:17:48 com_github_MitjaNemec_ReplicateLayout.replicate_layout 985:Src text UUid:546fe8e5-06ee-4b6a-85ae-bbd4096f6d1a
12-02 21:17:48 com_github_MitjaNemec_ReplicateLayout.replicate_layout 986:Dst text UUid:dc9b3e6d-1a47-42b3-be32-275d3246fe99
12-02 21:17:48 com_github_MitjaNemec_ReplicateLayout.replicate_layout 985:Src text UUid:5fbfc2bc-e15c-461d-ab58-f75f79d455aa
12-02 21:17:48 com_github_MitjaNemec_ReplicateLayout.replicate_layout 986:Dst text UUid:0bd2e518-64c2-48e2-bb6e-274b9503cfd7
12-02 21:17:48 com_github_MitjaNemec_ReplicateLayout.replicate_layout 985:Src text UUid:2a120c76-99c7-4867-a898-5524ba42a889
12-02 21:17:48 com_github_MitjaNemec_ReplicateLayout.replicate_layout 986:Dst text UUid:751a93c1-ea87-4ff7-931e-6565fb0459f1
12-02 21:17:48 com_github_MitjaNemec_ReplicateLayout.replicate_layout 985:Src text UUid:6ab0100b-2ac0-4387-9fd9-1aa358b66ad9
12-02 21:17:48 com_github_MitjaNemec_ReplicateLayout.replicate_layout 986:Dst text UUid:9d5a5d0b-12fa-4cfc-96b1-5c40455c8d86
12-02 21:17:48 com_github_MitjaNemec_ReplicateLayout.replicate_layout 985:Src text UUid:33f22fa2-b7f5-4db4-856e-d2ccf71bfed5
12-02 21:17:48 com_github_MitjaNemec_ReplicateLayout.replicate_layout 986:Dst text UUid:32719bef-a65e-43b5-ae4d-ce1490cf8bf7
12-02 21:17:48 com_github_MitjaNemec_ReplicateLayout.replicate_layout 985:Src text UUid:5d3e08c5-389c-430b-ac71-a5b1d2791037
12-02 21:17:48 com_github_MitjaNemec_ReplicateLayout.replicate_layout 986:Dst text UUid:0d91b194-b61b-441e-be83-6cf5f007a8d5
12-02 21:17:48 com_github_MitjaNemec_ReplicateLayout.replicate_layout 985:Src text UUid:8997ccaa-f688-46bb-9799-e8381c81bf23
12-02 21:17:48 com_github_MitjaNemec_ReplicateLayout.replicate_layout 986:Dst text UUid:df4da5b7-7361-46b7-a485-507c47e66713
12-02 21:17:48 com_github_MitjaNemec_ReplicateLayout.replicate_layout 985:Src text UUid:61848f5c-1c78-4169-9674-ecf34dbad480
12-02 21:17:48 com_github_MitjaNemec_ReplicateLayout.replicate_layout 986:Dst text UUid:26431c0f-6dfd-45d6-86de-341b19afdaea
12-02 21:17:48 com_github_MitjaNemec_ReplicateLayout.replicate_layout 985:Src text UUid:a35bdb9d-61df-4de0-bccb-c29f6c12621f
12-02 21:17:48 com_github_MitjaNemec_ReplicateLayout.replicate_layout 986:Dst text UUid:ad2430ef-d446-47dc-8f4a-d261fe1d719d
12-02 21:17:48 com_github_MitjaNemec_ReplicateLayout.replicate_layout 985:Src text UUid:3ec8bfaa-6645-4265-a6a1-db898cbdd89f
12-02 21:17:48 com_github_MitjaNemec_ReplicateLayout.replicate_layout 986:Dst text UUid:518696d9-8e2f-4f3b-80b8-8e22aa0ced24
12-02 21:17:48 com_github_MitjaNemec_ReplicateLayout.replicate_layout 985:Src text UUid:9dd8711f-b07a-40de-a266-a8b48e568be8
12-02 21:17:48 com_github_MitjaNemec_ReplicateLayout.replicate_layout 986:Dst text UUid:7a5dad3d-0c22-4a84-bea2-6f894d025622
12-02 21:17:48 com_github_MitjaNemec_ReplicateLayout.replicate_layout 985:Src text UUid:d5e6b4fe-21d5-426a-b6a5-b2ac15fbaf72
12-02 21:17:48 com_github_MitjaNemec_ReplicateLayout.replicate_layout 986:Dst text UUid:2cd0cd2b-ff83-443c-b046-8dc13fd51018
12-02 21:17:48 com_github_MitjaNemec_ReplicateLayout.replicate_layout 985:Src text UUid:fc2ca5ea-3902-4fce-80b7-965a8039059c
12-02 21:17:48 com_github_MitjaNemec_ReplicateLayout.replicate_layout 986:Dst text UUid:43e530cb-329a-4122-99d2-6720192ff52a
12-02 21:17:48 com_github_MitjaNemec_ReplicateLayout.replicate_layout 985:Src text UUid:c3bbb35f-afc5-4bc9-9535-587ef52f3b60
12-02 21:17:48 com_github_MitjaNemec_ReplicateLayout.replicate_layout 986:Dst text UUid:d43d5f64-01ea-40fc-98f8-b5ad8d75c3a0
12-02 21:17:48 com_github_MitjaNemec_ReplicateLayout.replicate_layout 985:Src text UUid:ca05dd5e-0eb0-4f6c-90d3-900cef1e41a8
12-02 21:17:48 com_github_MitjaNemec_ReplicateLayout.replicate_layout 986:Dst text UUid:ad7c5c91-2bc8-4efd-8623-aadf2721f9a1
12-02 21:17:48 com_github_MitjaNemec_ReplicateLayout.replicate_layout 985:Src text UUid:7059bc8d-631f-4cd8-b725-c0c36550bc26
12-02 21:17:48 com_github_MitjaNemec_ReplicateLayout.replicate_layout 986:Dst text UUid:6ede7bc1-1e0b-4845-b419-da7d46676c20
12-02 21:17:48 com_github_MitjaNemec_ReplicateLayout.replicate_layout 985:Src text UUid:64c8dc0e-184b-444f-9623-35cd3bb3dd34
12-02 21:17:48 com_github_MitjaNemec_ReplicateLayout.replicate_layout 986:Dst text UUid:c9c4729f-a1a9-4fd2-a8f7-dc1e5335616a
12-02 21:17:48 com_github_MitjaNemec_ReplicateLayout.replicate_layout 985:Src text UUid:4da1220f-22c8-418e-9e2a-206fb741053b
12-02 21:17:48 com_github_MitjaNemec_ReplicateLayout.replicate_layout 986:Dst text UUid:0e6a477b-cd1b-4af2-aea0-e9e0de38f637
12-02 21:17:48 com_github_MitjaNemec_ReplicateLayout.replicate_layout 985:Src text UUid:dc38bb55-100c-4398-9c5a-cd267b26f82f
12-02 21:17:48 com_github_MitjaNemec_ReplicateLayout.replicate_layout 986:Dst text UUid:f7bb071e-4078-411d-97cb-48a12aaa939e
12-02 21:17:48 com_github_MitjaNemec_ReplicateLayout.replicate_layout 868:Replicating footprints on sheet ['Mux', 'Signal 6']
12-02 21:17:48 com_github_MitjaNemec_ReplicateLayout.replicate_layout 985:Src text UUid:809aabac-be11-4479-a4a1-f2cec6a12658
12-02 21:17:48 com_github_MitjaNemec_ReplicateLayout.replicate_layout 986:Dst text UUid:b143251d-3651-4e9d-bf7b-650005cf51f8
12-02 21:17:48 com_github_MitjaNemec_ReplicateLayout.replicate_layout 985:Src text UUid:7b8d91c6-73b0-4529-a975-7a133e9f88d2
12-02 21:17:48 com_github_MitjaNemec_ReplicateLayout.replicate_layout 986:Dst text UUid:73b6f139-74c6-4981-b4d8-370391904786
12-02 21:17:48 com_github_MitjaNemec_ReplicateLayout.replicate_layout 985:Src text UUid:1714fcd5-bba3-48a2-bcc8-df70578e9c77
12-02 21:17:48 com_github_MitjaNemec_ReplicateLayout.replicate_layout 986:Dst text UUid:77c34d57-2c60-4fcd-8dcd-6e1f081c6113
12-02 21:17:48 com_github_MitjaNemec_ReplicateLayout.replicate_layout 985:Src text UUid:638613f2-5e72-460b-833d-ded98e66b9d8
12-02 21:17:48 com_github_MitjaNemec_ReplicateLayout.replicate_layout 986:Dst text UUid:1dd05b40-8c57-48ad-8730-f178ca43ad07
12-02 21:17:48 com_github_MitjaNemec_ReplicateLayout.replicate_layout 985:Src text UUid:f6976f13-0183-4346-9b88-c46e8f305e6f
12-02 21:17:48 com_github_MitjaNemec_ReplicateLayout.replicate_layout 986:Dst text UUid:6eb3ad20-f2da-4879-b237-67104dbc5ad1
12-02 21:17:48 com_github_MitjaNemec_ReplicateLayout.replicate_layout 985:Src text UUid:4ca4415d-2a4f-498c-a990-60d20fe4fa6c
12-02 21:17:48 com_github_MitjaNemec_ReplicateLayout.replicate_layout 986:Dst text UUid:f23ccd43-7e16-4c2b-a75a-85999c3ebcae
12-02 21:17:48 com_github_MitjaNemec_ReplicateLayout.replicate_layout 985:Src text UUid:66dcc3fd-a8bc-4bcc-bc2f-86558af60021
12-02 21:17:48 com_github_MitjaNemec_ReplicateLayout.replicate_layout 986:Dst text UUid:cc3cb5bc-c908-4aca-9193-eea5a3cb636f
12-02 21:17:48 com_github_MitjaNemec_ReplicateLayout.replicate_layout 985:Src text UUid:546fe8e5-06ee-4b6a-85ae-bbd4096f6d1a
12-02 21:17:48 com_github_MitjaNemec_ReplicateLayout.replicate_layout 986:Dst text UUid:7673e28b-8e14-4cfe-bf1f-a491d95d2be5
12-02 21:17:48 com_github_MitjaNemec_ReplicateLayout.replicate_layout 985:Src text UUid:5fbfc2bc-e15c-461d-ab58-f75f79d455aa
12-02 21:17:48 com_github_MitjaNemec_ReplicateLayout.replicate_layout 986:Dst text UUid:011f6a67-951b-40cc-ac47-ddaaef6faaf7
12-02 21:17:48 com_github_MitjaNemec_ReplicateLayout.replicate_layout 985:Src text UUid:2a120c76-99c7-4867-a898-5524ba42a889
12-02 21:17:48 com_github_MitjaNemec_ReplicateLayout.replicate_layout 986:Dst text UUid:1bf50463-55e2-4307-9658-1d6ddd84674c
12-02 21:17:48 com_github_MitjaNemec_ReplicateLayout.replicate_layout 985:Src text UUid:6ab0100b-2ac0-4387-9fd9-1aa358b66ad9
12-02 21:17:48 com_github_MitjaNemec_ReplicateLayout.replicate_layout 986:Dst text UUid:c9aa6f11-a56e-4442-8e13-69e84917450c
12-02 21:17:48 com_github_MitjaNemec_ReplicateLayout.replicate_layout 985:Src text UUid:33f22fa2-b7f5-4db4-856e-d2ccf71bfed5
12-02 21:17:48 com_github_MitjaNemec_ReplicateLayout.replicate_layout 986:Dst text UUid:08701908-bf27-41bf-859a-30011bff04aa
12-02 21:17:48 com_github_MitjaNemec_ReplicateLayout.replicate_layout 985:Src text UUid:5d3e08c5-389c-430b-ac71-a5b1d2791037
12-02 21:17:48 com_github_MitjaNemec_ReplicateLayout.replicate_layout 986:Dst text UUid:00046d8b-57b3-49df-a6f2-950499abca0c
12-02 21:17:48 com_github_MitjaNemec_ReplicateLayout.replicate_layout 985:Src text UUid:8997ccaa-f688-46bb-9799-e8381c81bf23
12-02 21:17:48 com_github_MitjaNemec_ReplicateLayout.replicate_layout 986:Dst text UUid:0da0ca08-9adf-41c0-b718-407ce56962cb
12-02 21:17:48 com_github_MitjaNemec_ReplicateLayout.replicate_layout 985:Src text UUid:61848f5c-1c78-4169-9674-ecf34dbad480
12-02 21:17:48 com_github_MitjaNemec_ReplicateLayout.replicate_layout 986:Dst text UUid:2a8d37cf-2265-4e47-8009-6e768f96508e
12-02 21:17:48 root 337:updating GUI with: 66
12-02 21:17:48 com_github_MitjaNemec_ReplicateLayout.replicate_layout 985:Src text UUid:a35bdb9d-61df-4de0-bccb-c29f6c12621f
12-02 21:17:48 com_github_MitjaNemec_ReplicateLayout.replicate_layout 986:Dst text UUid:036238dd-18fc-4a6c-817c-0eec0a4d7bf0
12-02 21:17:48 com_github_MitjaNemec_ReplicateLayout.replicate_layout 985:Src text UUid:3ec8bfaa-6645-4265-a6a1-db898cbdd89f
12-02 21:17:48 com_github_MitjaNemec_ReplicateLayout.replicate_layout 986:Dst text UUid:45d5aff4-61e0-4567-a8f5-1c9859d5bae8
12-02 21:17:48 com_github_MitjaNemec_ReplicateLayout.replicate_layout 985:Src text UUid:9dd8711f-b07a-40de-a266-a8b48e568be8
12-02 21:17:48 com_github_MitjaNemec_ReplicateLayout.replicate_layout 986:Dst text UUid:d89b8f22-4e3f-4160-8819-92f534601f02
12-02 21:17:48 com_github_MitjaNemec_ReplicateLayout.replicate_layout 985:Src text UUid:d5e6b4fe-21d5-426a-b6a5-b2ac15fbaf72
12-02 21:17:48 com_github_MitjaNemec_ReplicateLayout.replicate_layout 986:Dst text UUid:c347da77-6c4e-47d3-a90d-f2600215aa80
12-02 21:17:48 com_github_MitjaNemec_ReplicateLayout.replicate_layout 985:Src text UUid:fc2ca5ea-3902-4fce-80b7-965a8039059c
12-02 21:17:48 com_github_MitjaNemec_ReplicateLayout.replicate_layout 986:Dst text UUid:3e4b777a-0987-440a-8d87-603646456098
12-02 21:17:48 com_github_MitjaNemec_ReplicateLayout.replicate_layout 985:Src text UUid:c3bbb35f-afc5-4bc9-9535-587ef52f3b60
12-02 21:17:48 com_github_MitjaNemec_ReplicateLayout.replicate_layout 986:Dst text UUid:382fbbcf-a456-41ac-abbd-29488f9472a2
12-02 21:17:48 com_github_MitjaNemec_ReplicateLayout.replicate_layout 985:Src text UUid:ca05dd5e-0eb0-4f6c-90d3-900cef1e41a8
12-02 21:17:48 com_github_MitjaNemec_ReplicateLayout.replicate_layout 986:Dst text UUid:8f5a3ad7-9d0f-4472-92c9-7064657c1fa7
12-02 21:17:48 com_github_MitjaNemec_ReplicateLayout.replicate_layout 985:Src text UUid:7059bc8d-631f-4cd8-b725-c0c36550bc26
12-02 21:17:48 com_github_MitjaNemec_ReplicateLayout.replicate_layout 986:Dst text UUid:f58034aa-71fa-4f02-88e3-3a3a79155d2d
12-02 21:17:48 com_github_MitjaNemec_ReplicateLayout.replicate_layout 985:Src text UUid:64c8dc0e-184b-444f-9623-35cd3bb3dd34
12-02 21:17:48 com_github_MitjaNemec_ReplicateLayout.replicate_layout 986:Dst text UUid:4e57795a-b966-4bee-aced-fc95f25b8e68
12-02 21:17:48 com_github_MitjaNemec_ReplicateLayout.replicate_layout 985:Src text UUid:4da1220f-22c8-418e-9e2a-206fb741053b
12-02 21:17:48 com_github_MitjaNemec_ReplicateLayout.replicate_layout 986:Dst text UUid:9e697c68-99d6-4d6a-a0fe-5870906337b7
12-02 21:17:48 com_github_MitjaNemec_ReplicateLayout.replicate_layout 985:Src text UUid:dc38bb55-100c-4398-9c5a-cd267b26f82f
12-02 21:17:48 com_github_MitjaNemec_ReplicateLayout.replicate_layout 986:Dst text UUid:3bbfa104-9324-48b3-a21f-120b615480e4
12-02 21:17:48 com_github_MitjaNemec_ReplicateLayout.replicate_layout 868:Replicating footprints on sheet ['Mux', 'Signal 7']
12-02 21:17:48 com_github_MitjaNemec_ReplicateLayout.replicate_layout 985:Src text UUid:809aabac-be11-4479-a4a1-f2cec6a12658
12-02 21:17:48 com_github_MitjaNemec_ReplicateLayout.replicate_layout 986:Dst text UUid:d2ef0fa2-f1d9-42aa-b4d5-c64ee74f8508
12-02 21:17:48 com_github_MitjaNemec_ReplicateLayout.replicate_layout 985:Src text UUid:7b8d91c6-73b0-4529-a975-7a133e9f88d2
12-02 21:17:48 com_github_MitjaNemec_ReplicateLayout.replicate_layout 986:Dst text UUid:37e0946d-7a71-48b3-bf13-4f0a91d17d68
12-02 21:17:48 com_github_MitjaNemec_ReplicateLayout.replicate_layout 985:Src text UUid:1714fcd5-bba3-48a2-bcc8-df70578e9c77
12-02 21:17:48 com_github_MitjaNemec_ReplicateLayout.replicate_layout 986:Dst text UUid:1b000c26-4273-40a0-b9c4-270ad2d73070
12-02 21:17:48 com_github_MitjaNemec_ReplicateLayout.replicate_layout 985:Src text UUid:638613f2-5e72-460b-833d-ded98e66b9d8
12-02 21:17:48 com_github_MitjaNemec_ReplicateLayout.replicate_layout 986:Dst text UUid:b8227540-a21c-48ff-abc9-fa2791172806
12-02 21:17:48 com_github_MitjaNemec_ReplicateLayout.replicate_layout 985:Src text UUid:f6976f13-0183-4346-9b88-c46e8f305e6f
12-02 21:17:48 com_github_MitjaNemec_ReplicateLayout.replicate_layout 986:Dst text UUid:d491bb9d-6153-49fd-abec-e632c4ae4b87
12-02 21:17:48 com_github_MitjaNemec_ReplicateLayout.replicate_layout 985:Src text UUid:4ca4415d-2a4f-498c-a990-60d20fe4fa6c
12-02 21:17:48 com_github_MitjaNemec_ReplicateLayout.replicate_layout 986:Dst text UUid:ace0a1e1-4423-4f9d-9752-71f05c4053f8
12-02 21:17:48 com_github_MitjaNemec_ReplicateLayout.replicate_layout 985:Src text UUid:66dcc3fd-a8bc-4bcc-bc2f-86558af60021
12-02 21:17:48 com_github_MitjaNemec_ReplicateLayout.replicate_layout 986:Dst text UUid:5b6c888f-6dfe-41a8-a04d-f39db71a7539
12-02 21:17:48 com_github_MitjaNemec_ReplicateLayout.replicate_layout 985:Src text UUid:546fe8e5-06ee-4b6a-85ae-bbd4096f6d1a
12-02 21:17:48 com_github_MitjaNemec_ReplicateLayout.replicate_layout 986:Dst text UUid:31a3b2ff-1082-4480-b0b6-58b4e41cba99
12-02 21:17:48 com_github_MitjaNemec_ReplicateLayout.replicate_layout 985:Src text UUid:5fbfc2bc-e15c-461d-ab58-f75f79d455aa
12-02 21:17:48 com_github_MitjaNemec_ReplicateLayout.replicate_layout 986:Dst text UUid:aed854ff-ca86-4838-aa67-aab15b053978
12-02 21:17:48 com_github_MitjaNemec_ReplicateLayout.replicate_layout 985:Src text UUid:2a120c76-99c7-4867-a898-5524ba42a889
12-02 21:17:48 com_github_MitjaNemec_ReplicateLayout.replicate_layout 986:Dst text UUid:5e4c07cd-dfb3-4bdb-9044-f3fccc3a0407
12-02 21:17:48 com_github_MitjaNemec_ReplicateLayout.replicate_layout 985:Src text UUid:6ab0100b-2ac0-4387-9fd9-1aa358b66ad9
12-02 21:17:48 com_github_MitjaNemec_ReplicateLayout.replicate_layout 986:Dst text UUid:1f9e023a-7bdd-4631-afe3-d24002ba3087
12-02 21:17:48 com_github_MitjaNemec_ReplicateLayout.replicate_layout 985:Src text UUid:33f22fa2-b7f5-4db4-856e-d2ccf71bfed5
12-02 21:17:48 com_github_MitjaNemec_ReplicateLayout.replicate_layout 986:Dst text UUid:45c012ab-20d8-4f1b-a67a-b5442be13588
12-02 21:17:48 com_github_MitjaNemec_ReplicateLayout.replicate_layout 985:Src text UUid:5d3e08c5-389c-430b-ac71-a5b1d2791037
12-02 21:17:48 com_github_MitjaNemec_ReplicateLayout.replicate_layout 986:Dst text UUid:79cf15a2-ee90-480b-84ef-bc94380f9179
12-02 21:17:48 com_github_MitjaNemec_ReplicateLayout.replicate_layout 985:Src text UUid:8997ccaa-f688-46bb-9799-e8381c81bf23
12-02 21:17:48 com_github_MitjaNemec_ReplicateLayout.replicate_layout 986:Dst text UUid:3d267308-a00f-4b9d-85c3-d12097b72a43
12-02 21:17:48 com_github_MitjaNemec_ReplicateLayout.replicate_layout 985:Src text UUid:61848f5c-1c78-4169-9674-ecf34dbad480
12-02 21:17:48 com_github_MitjaNemec_ReplicateLayout.replicate_layout 986:Dst text UUid:fd4ef5af-1309-430f-8e49-ecbc59b1ae8f
12-02 21:17:48 com_github_MitjaNemec_ReplicateLayout.replicate_layout 985:Src text UUid:a35bdb9d-61df-4de0-bccb-c29f6c12621f
12-02 21:17:48 com_github_MitjaNemec_ReplicateLayout.replicate_layout 986:Dst text UUid:30a14f8a-7150-45d9-bdc6-716ed6e1c079
12-02 21:17:48 com_github_MitjaNemec_ReplicateLayout.replicate_layout 985:Src text UUid:3ec8bfaa-6645-4265-a6a1-db898cbdd89f
12-02 21:17:48 com_github_MitjaNemec_ReplicateLayout.replicate_layout 986:Dst text UUid:59c8441e-c3a8-4ec6-aaf8-8830a1d43c73
12-02 21:17:48 com_github_MitjaNemec_ReplicateLayout.replicate_layout 985:Src text UUid:9dd8711f-b07a-40de-a266-a8b48e568be8
12-02 21:17:48 com_github_MitjaNemec_ReplicateLayout.replicate_layout 986:Dst text UUid:363c5fb8-8331-4d5a-afe9-31bad75a3054
12-02 21:17:48 com_github_MitjaNemec_ReplicateLayout.replicate_layout 985:Src text UUid:d5e6b4fe-21d5-426a-b6a5-b2ac15fbaf72
12-02 21:17:48 com_github_MitjaNemec_ReplicateLayout.replicate_layout 986:Dst text UUid:417242bc-52f9-4610-b98e-636122167901
12-02 21:17:48 com_github_MitjaNemec_ReplicateLayout.replicate_layout 985:Src text UUid:fc2ca5ea-3902-4fce-80b7-965a8039059c
12-02 21:17:48 com_github_MitjaNemec_ReplicateLayout.replicate_layout 986:Dst text UUid:150dee9a-dd1d-4ce8-a85d-979dcf2cf721
12-02 21:17:48 com_github_MitjaNemec_ReplicateLayout.replicate_layout 985:Src text UUid:c3bbb35f-afc5-4bc9-9535-587ef52f3b60
12-02 21:17:48 com_github_MitjaNemec_ReplicateLayout.replicate_layout 986:Dst text UUid:0f3dec3a-9bde-4d9c-8863-ae21255a79df
12-02 21:17:48 com_github_MitjaNemec_ReplicateLayout.replicate_layout 985:Src text UUid:ca05dd5e-0eb0-4f6c-90d3-900cef1e41a8
12-02 21:17:48 com_github_MitjaNemec_ReplicateLayout.replicate_layout 986:Dst text UUid:9a580ce0-69f8-4519-8ecb-29e03b182853
12-02 21:17:48 com_github_MitjaNemec_ReplicateLayout.replicate_layout 985:Src text UUid:7059bc8d-631f-4cd8-b725-c0c36550bc26
12-02 21:17:48 com_github_MitjaNemec_ReplicateLayout.replicate_layout 986:Dst text UUid:6cb9347a-cff0-4699-b29c-fa4225d1d44b
12-02 21:17:48 com_github_MitjaNemec_ReplicateLayout.replicate_layout 985:Src text UUid:64c8dc0e-184b-444f-9623-35cd3bb3dd34
12-02 21:17:48 com_github_MitjaNemec_ReplicateLayout.replicate_layout 986:Dst text UUid:b0ef102f-138d-4aba-9108-e64957932388
12-02 21:17:48 com_github_MitjaNemec_ReplicateLayout.replicate_layout 985:Src text UUid:4da1220f-22c8-418e-9e2a-206fb741053b
12-02 21:17:48 com_github_MitjaNemec_ReplicateLayout.replicate_layout 986:Dst text UUid:6793f4a9-c0c0-406a-944f-37188495318d
12-02 21:17:48 com_github_MitjaNemec_ReplicateLayout.replicate_layout 985:Src text UUid:dc38bb55-100c-4398-9c5a-cd267b26f82f
12-02 21:17:48 com_github_MitjaNemec_ReplicateLayout.replicate_layout 986:Dst text UUid:f400fdbd-2f33-4ec4-9fd7-599a0a4f7206
12-02 21:17:48 com_github_MitjaNemec_ReplicateLayout.replicate_layout 868:Replicating footprints on sheet ['Mux', 'Signal 8']
12-02 21:17:48 com_github_MitjaNemec_ReplicateLayout.replicate_layout 985:Src text UUid:809aabac-be11-4479-a4a1-f2cec6a12658
12-02 21:17:48 com_github_MitjaNemec_ReplicateLayout.replicate_layout 986:Dst text UUid:6869a3d0-ea06-4dca-ac25-38a4f7416d26
12-02 21:17:48 com_github_MitjaNemec_ReplicateLayout.replicate_layout 985:Src text UUid:7b8d91c6-73b0-4529-a975-7a133e9f88d2
12-02 21:17:48 com_github_MitjaNemec_ReplicateLayout.replicate_layout 986:Dst text UUid:f4afe675-7823-412d-89f3-251ae9df59ed
12-02 21:17:48 com_github_MitjaNemec_ReplicateLayout.replicate_layout 985:Src text UUid:1714fcd5-bba3-48a2-bcc8-df70578e9c77
12-02 21:17:48 com_github_MitjaNemec_ReplicateLayout.replicate_layout 986:Dst text UUid:37c2a92f-f72c-4d3f-996e-7d8e679c2a7c
12-02 21:17:48 com_github_MitjaNemec_ReplicateLayout.replicate_layout 985:Src text UUid:638613f2-5e72-460b-833d-ded98e66b9d8
12-02 21:17:48 com_github_MitjaNemec_ReplicateLayout.replicate_layout 986:Dst text UUid:64f299f6-e20f-461b-b0a5-d0f21be9917f
12-02 21:17:48 com_github_MitjaNemec_ReplicateLayout.replicate_layout 985:Src text UUid:f6976f13-0183-4346-9b88-c46e8f305e6f
12-02 21:17:48 com_github_MitjaNemec_ReplicateLayout.replicate_layout 986:Dst text UUid:58432571-47a2-4849-a2fe-3a44345dc59f
12-02 21:17:48 com_github_MitjaNemec_ReplicateLayout.replicate_layout 985:Src text UUid:4ca4415d-2a4f-498c-a990-60d20fe4fa6c
12-02 21:17:48 com_github_MitjaNemec_ReplicateLayout.replicate_layout 986:Dst text UUid:30588ed3-c49d-4415-bf9a-4b2d538c76ce
12-02 21:17:48 com_github_MitjaNemec_ReplicateLayout.replicate_layout 985:Src text UUid:66dcc3fd-a8bc-4bcc-bc2f-86558af60021
12-02 21:17:48 com_github_MitjaNemec_ReplicateLayout.replicate_layout 986:Dst text UUid:74433579-f428-4e5b-b562-79a1a53f8d5e
12-02 21:17:48 com_github_MitjaNemec_ReplicateLayout.replicate_layout 985:Src text UUid:546fe8e5-06ee-4b6a-85ae-bbd4096f6d1a
12-02 21:17:48 com_github_MitjaNemec_ReplicateLayout.replicate_layout 986:Dst text UUid:f8a41310-f4af-4022-95da-341af39a87de
12-02 21:17:48 com_github_MitjaNemec_ReplicateLayout.replicate_layout 985:Src text UUid:5fbfc2bc-e15c-461d-ab58-f75f79d455aa
12-02 21:17:48 com_github_MitjaNemec_ReplicateLayout.replicate_layout 986:Dst text UUid:2949373b-8597-43ad-ac0b-6941ac4d78a6
12-02 21:17:48 com_github_MitjaNemec_ReplicateLayout.replicate_layout 985:Src text UUid:2a120c76-99c7-4867-a898-5524ba42a889
12-02 21:17:48 com_github_MitjaNemec_ReplicateLayout.replicate_layout 986:Dst text UUid:03e57bd2-6383-4bda-a913-86b956522264
12-02 21:17:48 com_github_MitjaNemec_ReplicateLayout.replicate_layout 985:Src text UUid:6ab0100b-2ac0-4387-9fd9-1aa358b66ad9
12-02 21:17:48 com_github_MitjaNemec_ReplicateLayout.replicate_layout 986:Dst text UUid:e66ab530-6b83-4fe7-b611-7124f880041a
12-02 21:17:48 com_github_MitjaNemec_ReplicateLayout.replicate_layout 985:Src text UUid:33f22fa2-b7f5-4db4-856e-d2ccf71bfed5
12-02 21:17:48 com_github_MitjaNemec_ReplicateLayout.replicate_layout 986:Dst text UUid:c651df14-be01-4905-b73f-0e8428ee12a7
12-02 21:17:48 com_github_MitjaNemec_ReplicateLayout.replicate_layout 985:Src text UUid:5d3e08c5-389c-430b-ac71-a5b1d2791037
12-02 21:17:48 com_github_MitjaNemec_ReplicateLayout.replicate_layout 986:Dst text UUid:88afd8d2-ccfe-4a66-b3b5-111198e39e18
12-02 21:17:48 com_github_MitjaNemec_ReplicateLayout.replicate_layout 985:Src text UUid:8997ccaa-f688-46bb-9799-e8381c81bf23
12-02 21:17:48 com_github_MitjaNemec_ReplicateLayout.replicate_layout 986:Dst text UUid:e694cb80-05a2-4b98-bada-1894385d2f02
12-02 21:17:48 com_github_MitjaNemec_ReplicateLayout.replicate_layout 985:Src text UUid:61848f5c-1c78-4169-9674-ecf34dbad480
12-02 21:17:48 com_github_MitjaNemec_ReplicateLayout.replicate_layout 986:Dst text UUid:6c557eec-7510-4bc9-ad95-f29d18a084f4
12-02 21:17:48 com_github_MitjaNemec_ReplicateLayout.replicate_layout 985:Src text UUid:a35bdb9d-61df-4de0-bccb-c29f6c12621f
12-02 21:17:48 com_github_MitjaNemec_ReplicateLayout.replicate_layout 986:Dst text UUid:50267010-a103-4148-9d71-722961712e98
12-02 21:17:48 com_github_MitjaNemec_ReplicateLayout.replicate_layout 985:Src text UUid:3ec8bfaa-6645-4265-a6a1-db898cbdd89f
12-02 21:17:48 com_github_MitjaNemec_ReplicateLayout.replicate_layout 986:Dst text UUid:88118ddd-e5f1-4a58-95d6-eb5d42a206c5
12-02 21:17:48 com_github_MitjaNemec_ReplicateLayout.replicate_layout 985:Src text UUid:9dd8711f-b07a-40de-a266-a8b48e568be8
12-02 21:17:48 com_github_MitjaNemec_ReplicateLayout.replicate_layout 986:Dst text UUid:1ea7e0aa-255e-4d0b-a4f4-d8d54206ec4c
12-02 21:17:48 com_github_MitjaNemec_ReplicateLayout.replicate_layout 985:Src text UUid:d5e6b4fe-21d5-426a-b6a5-b2ac15fbaf72
12-02 21:17:48 com_github_MitjaNemec_ReplicateLayout.replicate_layout 986:Dst text UUid:3241dae4-0a54-4ec7-a27d-2c48ae202061
12-02 21:17:48 com_github_MitjaNemec_ReplicateLayout.replicate_layout 985:Src text UUid:fc2ca5ea-3902-4fce-80b7-965a8039059c
12-02 21:17:48 com_github_MitjaNemec_ReplicateLayout.replicate_layout 986:Dst text UUid:1441d423-d78c-4249-8106-78e6fc87ce48
12-02 21:17:48 com_github_MitjaNemec_ReplicateLayout.replicate_layout 985:Src text UUid:c3bbb35f-afc5-4bc9-9535-587ef52f3b60
12-02 21:17:48 com_github_MitjaNemec_ReplicateLayout.replicate_layout 986:Dst text UUid:a4e5f9cf-7964-4687-8329-4421a34feb78
12-02 21:17:48 com_github_MitjaNemec_ReplicateLayout.replicate_layout 985:Src text UUid:ca05dd5e-0eb0-4f6c-90d3-900cef1e41a8
12-02 21:17:48 com_github_MitjaNemec_ReplicateLayout.replicate_layout 986:Dst text UUid:5e645ef5-bc29-4346-91b6-e988dfe05dc2
12-02 21:17:48 com_github_MitjaNemec_ReplicateLayout.replicate_layout 985:Src text UUid:7059bc8d-631f-4cd8-b725-c0c36550bc26
12-02 21:17:48 com_github_MitjaNemec_ReplicateLayout.replicate_layout 986:Dst text UUid:8babc756-d9fe-42c0-9840-c541641c24b5
12-02 21:17:48 com_github_MitjaNemec_ReplicateLayout.replicate_layout 985:Src text UUid:64c8dc0e-184b-444f-9623-35cd3bb3dd34
12-02 21:17:48 com_github_MitjaNemec_ReplicateLayout.replicate_layout 986:Dst text UUid:e8488e24-ee64-48b1-9ad0-6d42380170ba
12-02 21:17:48 com_github_MitjaNemec_ReplicateLayout.replicate_layout 985:Src text UUid:4da1220f-22c8-418e-9e2a-206fb741053b
12-02 21:17:48 com_github_MitjaNemec_ReplicateLayout.replicate_layout 986:Dst text UUid:96ebf667-6ccb-41be-a41e-7c1d6c75ab2d
12-02 21:17:48 com_github_MitjaNemec_ReplicateLayout.replicate_layout 985:Src text UUid:dc38bb55-100c-4398-9c5a-cd267b26f82f
12-02 21:17:48 com_github_MitjaNemec_ReplicateLayout.replicate_layout 986:Dst text UUid:54d71552-484e-4d23-a06c-f9e6ca42ac38
12-02 21:17:48 com_github_MitjaNemec_ReplicateLayout.replicate_layout 328:Removing tracks and zones, after footprint placement
12-02 21:17:48 root 332:updating GUI message: 'Removing zones and tracks'
12-02 21:17:48 com_github_MitjaNemec_ReplicateLayout.replicate_layout 1277:Remove bounding box top:47225390, bottom:59874590, Left:44370000, Right:82500000
12-02 21:17:48 com_github_MitjaNemec_ReplicateLayout.replicate_layout 1277:Remove bounding box top:59925390, bottom:72574590, Left:44395495, Right:82525495
12-02 21:17:48 com_github_MitjaNemec_ReplicateLayout.replicate_layout 1277:Remove bounding box top:72625390, bottom:85274590, Left:44395505, Right:82525505
12-02 21:17:48 root 337:updating GUI with: 42
12-02 21:17:48 com_github_MitjaNemec_ReplicateLayout.replicate_layout 1277:Remove bounding box top:85325390, bottom:97974590, Left:44395505, Right:82525505
12-02 21:17:48 com_github_MitjaNemec_ReplicateLayout.replicate_layout 1277:Remove bounding box top:98025390, bottom:110674590, Left:44395505, Right:82525505
12-02 21:17:48 com_github_MitjaNemec_ReplicateLayout.replicate_layout 1277:Remove bounding box top:110725390, bottom:123374590, Left:44395495, Right:82525495
12-02 21:17:48 com_github_MitjaNemec_ReplicateLayout.replicate_layout 1277:Remove bounding box top:123425390, bottom:136074590, Left:44395495, Right:82525495
12-02 21:17:48 root 332:updating GUI message: 'Replicating tracks'
12-02 21:17:48 com_github_MitjaNemec_ReplicateLayout.replicate_layout 1009:Replicating tracks
12-02 21:17:48 com_github_MitjaNemec_ReplicateLayout.replicate_layout 1015:Replicating tracks on sheet ['Mux', 'Signal 2']
12-02 21:17:48 com_github_MitjaNemec_ReplicateLayout.replicate_layout 776:Significant difference between src net: ['', 'Clock Led', 'DOUT'] and dst net: ['', 'Mux', 'Signal 1', 'LED_DOUT'], with src_net_depth=3, dst_net_depth=4, src_fp_depth=3, dst_fp_depth=3, match level 0.67
12-02 21:17:48 com_github_MitjaNemec_ReplicateLayout.replicate_layout 792:Net pairs for sheet ['Mux', 'Signal 2'] :[('Net-(U5B--)', 'Net-(U6B--)'), ('5V', '5V'), ('GND', 'GND'), ('GNDA', 'GNDA'), ('unconnected-(SW1-Pad4)', 'unconnected-(SW2-Pad4)'), ('/Mux/IO_1', '/Mux/IO_2'), ('BUTTON_1', 'BUTTON_2'), ('+12V', '+12V'), ('unconnected-(SW1-Pad3)', 'unconnected-(SW2-Pad3)'), ('Net-(D1-Pad2)', 'Net-(D3-Pad2)'), ('-12VA', '-12VA'), ('Net-(U5A--)', 'Net-(U6A--)'), ('/Mux/Signal 1/LED_DOUT', '/Mux/Signal 2/LED_DOUT'), ('/Clock Led/DOUT', '/Mux/Signal 1/LED_DOUT'), ('Net-(J3-SIG)', 'Net-(J4-SIG)')]
12-02 21:17:48 com_github_MitjaNemec_ReplicateLayout.replicate_layout 1015:Replicating tracks on sheet ['Mux', 'Signal 3']
12-02 21:17:48 com_github_MitjaNemec_ReplicateLayout.replicate_layout 776:Significant difference between src net: ['', 'Clock Led', 'DOUT'] and dst net: ['', 'Mux', 'Signal 2', 'LED_DOUT'], with src_net_depth=3, dst_net_depth=4, src_fp_depth=3, dst_fp_depth=3, match level 0.67
12-02 21:17:48 com_github_MitjaNemec_ReplicateLayout.replicate_layout 792:Net pairs for sheet ['Mux', 'Signal 3'] :[('BUTTON_1', 'BUTTON_3'), ('5V', '5V'), ('GND', 'GND'), ('Net-(U5B--)', 'Net-(U7B--)'), ('GNDA', 'GNDA'), ('/Mux/Signal 1/LED_DOUT', '/Mux/Signal 3/LED_DOUT'), ('/Clock Led/DOUT', '/Mux/Signal 2/LED_DOUT'), ('Net-(D1-Pad2)', 'Net-(D5-Pad2)'), ('+12V', '+12V'), ('/Mux/IO_1', '/Mux/IO_3'), ('unconnected-(SW1-Pad3)', 'unconnected-(SW3-Pad3)'), ('Net-(U5A--)', 'Net-(U7A--)'), ('unconnected-(SW1-Pad4)', 'unconnected-(SW3-Pad4)'), ('-12VA', '-12VA'), ('Net-(J3-SIG)', 'Net-(J5-SIG)')]
12-02 21:17:48 com_github_MitjaNemec_ReplicateLayout.replicate_layout 1015:Replicating tracks on sheet ['Mux', 'Signal 4']
12-02 21:17:48 com_github_MitjaNemec_ReplicateLayout.replicate_layout 776:Significant difference between src net: ['', 'Clock Led', 'DOUT'] and dst net: ['', 'Mux', 'Signal 3', 'LED_DOUT'], with src_net_depth=3, dst_net_depth=4, src_fp_depth=3, dst_fp_depth=3, match level 0.67
12-02 21:17:48 com_github_MitjaNemec_ReplicateLayout.replicate_layout 792:Net pairs for sheet ['Mux', 'Signal 4'] :[('Net-(J3-SIG)', 'Net-(J6-SIG)'), ('Net-(U5B--)', 'Net-(U8B--)'), ('unconnected-(SW1-Pad4)', 'unconnected-(SW4-Pad4)'), ('5V', '5V'), ('Net-(D1-Pad2)', 'Net-(D7-Pad2)'), ('GNDA', 'GNDA'), ('GND', 'GND'), ('unconnected-(SW1-Pad3)', 'unconnected-(SW4-Pad3)'), ('BUTTON_1', 'BUTTON_4'), ('/Clock Led/DOUT', '/Mux/Signal 3/LED_DOUT'), ('/Mux/Signal 1/LED_DOUT', '/Mux/Signal 4/LED_DOUT'), ('+12V', '+12V'), ('Net-(U5A--)', 'Net-(U8A--)'), ('-12VA', '-12VA'), ('/Mux/IO_1', '/Mux/IO_4')]
12-02 21:17:48 com_github_MitjaNemec_ReplicateLayout.replicate_layout 1015:Replicating tracks on sheet ['Mux', 'Signal 5']
12-02 21:17:48 com_github_MitjaNemec_ReplicateLayout.replicate_layout 776:Significant difference between src net: ['', 'Clock Led', 'DOUT'] and dst net: ['', 'Mux', 'Signal 4', 'LED_DOUT'], with src_net_depth=3, dst_net_depth=4, src_fp_depth=3, dst_fp_depth=3, match level 0.67
12-02 21:17:48 com_github_MitjaNemec_ReplicateLayout.replicate_layout 792:Net pairs for sheet ['Mux', 'Signal 5'] :[('unconnected-(SW1-Pad4)', 'unconnected-(SW5-Pad4)'), ('GND', 'GND'), ('GNDA', 'GNDA'), ('unconnected-(SW1-Pad3)', 'unconnected-(SW5-Pad3)'), ('/Clock Led/DOUT', '/Mux/Signal 4/LED_DOUT'), ('Net-(J3-SIG)', 'Net-(J7-SIG)'), ('Net-(U5A--)', 'Net-(U9A--)'), ('-12VA', '-12VA'), ('+12V', '+12V'), ('/Mux/IO_1', '/Mux/IO_5'), ('/Mux/Signal 1/LED_DOUT', '/Mux/Signal 5/LED_DOUT'), ('Net-(D1-Pad2)', 'Net-(D9-Pad2)'), ('5V', '5V'), ('Net-(U5B--)', 'Net-(U9B--)'), ('BUTTON_1', 'BUTTON_5')]
12-02 21:17:48 root 337:updating GUI with: 43
12-02 21:17:48 com_github_MitjaNemec_ReplicateLayout.replicate_layout 1015:Replicating tracks on sheet ['Mux', 'Signal 6']
12-02 21:17:48 com_github_MitjaNemec_ReplicateLayout.replicate_layout 776:Significant difference between src net: ['', 'Clock Led', 'DOUT'] and dst net: ['', 'Mux', 'Signal 5', 'LED_DOUT'], with src_net_depth=3, dst_net_depth=4, src_fp_depth=3, dst_fp_depth=3, match level 0.67
12-02 21:17:48 com_github_MitjaNemec_ReplicateLayout.replicate_layout 792:Net pairs for sheet ['Mux', 'Signal 6'] :[('/Mux/Signal 1/LED_DOUT', '/Mux/Signal 6/LED_DOUT'), ('Net-(J3-SIG)', 'Net-(J8-SIG)'), ('GND', 'GND'), ('GNDA', 'GNDA'), ('unconnected-(SW1-Pad4)', 'unconnected-(SW6-Pad4)'), ('Net-(U5A--)', 'Net-(U10A--)'), ('-12VA', '-12VA'), ('/Clock Led/DOUT', '/Mux/Signal 5/LED_DOUT'), ('/Mux/IO_1', '/Mux/IO_6'), ('+12V', '+12V'), ('BUTTON_1', 'BUTTON_6'), ('5V', '5V'), ('Net-(D1-Pad2)', 'Net-(D11-Pad2)'), ('Net-(U5B--)', 'Net-(U10B--)'), ('unconnected-(SW1-Pad3)', 'unconnected-(SW6-Pad3)')]
12-02 21:17:48 com_github_MitjaNemec_ReplicateLayout.replicate_layout 1015:Replicating tracks on sheet ['Mux', 'Signal 7']
12-02 21:17:48 com_github_MitjaNemec_ReplicateLayout.replicate_layout 776:Significant difference between src net: ['', 'Clock Led', 'DOUT'] and dst net: ['', 'Mux', 'Signal 6', 'LED_DOUT'], with src_net_depth=3, dst_net_depth=4, src_fp_depth=3, dst_fp_depth=3, match level 0.67
12-02 21:17:48 com_github_MitjaNemec_ReplicateLayout.replicate_layout 792:Net pairs for sheet ['Mux', 'Signal 7'] :[('/Mux/IO_1', '/Mux/IO_7'), ('Net-(U5A--)', 'Net-(U11A--)'), ('unconnected-(SW1-Pad3)', 'unconnected-(SW7-Pad3)'), ('Net-(J3-SIG)', 'Net-(J9-SIG)'), ('5V', '5V'), ('GND', 'GND'), ('GNDA', 'GNDA'), ('/Clock Led/DOUT', '/Mux/Signal 6/LED_DOUT'), ('+12V', '+12V'), ('Net-(U5B--)', 'Net-(U11B--)'), ('BUTTON_1', 'BUTTON_7'), ('-12VA', '-12VA'), ('unconnected-(SW1-Pad4)', 'unconnected-(SW7-Pad4)'), ('Net-(D1-Pad2)', 'Net-(D13-Pad2)'), ('/Mux/Signal 1/LED_DOUT', '/Mux/Signal 7/LED_DOUT')]
12-02 21:17:48 com_github_MitjaNemec_ReplicateLayout.replicate_layout 1015:Replicating tracks on sheet ['Mux', 'Signal 8']
12-02 21:17:48 com_github_MitjaNemec_ReplicateLayout.replicate_layout 776:Significant difference between src net: ['', 'Clock Led', 'DOUT'] and dst net: ['', 'Mux', 'Signal 7', 'LED_DOUT'], with src_net_depth=3, dst_net_depth=4, src_fp_depth=3, dst_fp_depth=3, match level 0.67
12-02 21:17:48 com_github_MitjaNemec_ReplicateLayout.replicate_layout 792:Net pairs for sheet ['Mux', 'Signal 8'] :[('Net-(D1-Pad2)', 'Net-(D15-Pad2)'), ('/Mux/Signal 1/LED_DOUT', '/Mux/WS2812_DATA_OUT'), ('5V', '5V'), ('GND', 'GND'), ('Net-(U5B--)', 'Net-(U12B--)'), ('GNDA', 'GNDA'), ('Net-(J3-SIG)', 'Net-(J10-SIG)'), ('BUTTON_1', 'BUTTON_8'), ('unconnected-(SW1-Pad3)', 'unconnected-(SW8-Pad3)'), ('unconnected-(SW1-Pad4)', 'unconnected-(SW8-Pad4)'), ('Net-(U5A--)', 'Net-(U12A--)'), ('+12V', '+12V'), ('-12VA', '-12VA'), ('/Clock Led/DOUT', '/Mux/Signal 7/LED_DOUT'), ('/Mux/IO_1', '/Mux/IO_8')]
12-02 21:17:48 root 332:updating GUI message: 'Replicating zones'
12-02 21:17:48 com_github_MitjaNemec_ReplicateLayout.replicate_layout 1079:Replicating zones
12-02 21:17:48 com_github_MitjaNemec_ReplicateLayout.replicate_layout 1086:Replicating zones on sheet ['Mux', 'Signal 2']
12-02 21:17:48 com_github_MitjaNemec_ReplicateLayout.replicate_layout 776:Significant difference between src net: ['', 'Clock Led', 'DOUT'] and dst net: ['', 'Mux', 'Signal 1', 'LED_DOUT'], with src_net_depth=3, dst_net_depth=4, src_fp_depth=3, dst_fp_depth=3, match level 0.67
12-02 21:17:48 com_github_MitjaNemec_ReplicateLayout.replicate_layout 792:Net pairs for sheet ['Mux', 'Signal 2'] :[('Net-(U5B--)', 'Net-(U6B--)'), ('5V', '5V'), ('GND', 'GND'), ('GNDA', 'GNDA'), ('unconnected-(SW1-Pad4)', 'unconnected-(SW2-Pad4)'), ('/Mux/IO_1', '/Mux/IO_2'), ('BUTTON_1', 'BUTTON_2'), ('+12V', '+12V'), ('unconnected-(SW1-Pad3)', 'unconnected-(SW2-Pad3)'), ('Net-(D1-Pad2)', 'Net-(D3-Pad2)'), ('-12VA', '-12VA'), ('Net-(U5A--)', 'Net-(U6A--)'), ('/Mux/Signal 1/LED_DOUT', '/Mux/Signal 2/LED_DOUT'), ('/Clock Led/DOUT', '/Mux/Signal 1/LED_DOUT'), ('Net-(J3-SIG)', 'Net-(J4-SIG)')]
12-02 21:17:48 com_github_MitjaNemec_ReplicateLayout.replicate_layout 1086:Replicating zones on sheet ['Mux', 'Signal 3']
12-02 21:17:48 com_github_MitjaNemec_ReplicateLayout.replicate_layout 776:Significant difference between src net: ['', 'Clock Led', 'DOUT'] and dst net: ['', 'Mux', 'Signal 2', 'LED_DOUT'], with src_net_depth=3, dst_net_depth=4, src_fp_depth=3, dst_fp_depth=3, match level 0.67
12-02 21:17:48 com_github_MitjaNemec_ReplicateLayout.replicate_layout 792:Net pairs for sheet ['Mux', 'Signal 3'] :[('BUTTON_1', 'BUTTON_3'), ('5V', '5V'), ('GND', 'GND'), ('Net-(U5B--)', 'Net-(U7B--)'), ('GNDA', 'GNDA'), ('/Mux/Signal 1/LED_DOUT', '/Mux/Signal 3/LED_DOUT'), ('/Clock Led/DOUT', '/Mux/Signal 2/LED_DOUT'), ('Net-(D1-Pad2)', 'Net-(D5-Pad2)'), ('+12V', '+12V'), ('/Mux/IO_1', '/Mux/IO_3'), ('unconnected-(SW1-Pad3)', 'unconnected-(SW3-Pad3)'), ('Net-(U5A--)', 'Net-(U7A--)'), ('unconnected-(SW1-Pad4)', 'unconnected-(SW3-Pad4)'), ('-12VA', '-12VA'), ('Net-(J3-SIG)', 'Net-(J5-SIG)')]
12-02 21:17:48 com_github_MitjaNemec_ReplicateLayout.replicate_layout 1086:Replicating zones on sheet ['Mux', 'Signal 4']
12-02 21:17:48 com_github_MitjaNemec_ReplicateLayout.replicate_layout 776:Significant difference between src net: ['', 'Clock Led', 'DOUT'] and dst net: ['', 'Mux', 'Signal 3', 'LED_DOUT'], with src_net_depth=3, dst_net_depth=4, src_fp_depth=3, dst_fp_depth=3, match level 0.67
12-02 21:17:48 com_github_MitjaNemec_ReplicateLayout.replicate_layout 792:Net pairs for sheet ['Mux', 'Signal 4'] :[('Net-(J3-SIG)', 'Net-(J6-SIG)'), ('Net-(U5B--)', 'Net-(U8B--)'), ('unconnected-(SW1-Pad4)', 'unconnected-(SW4-Pad4)'), ('5V', '5V'), ('Net-(D1-Pad2)', 'Net-(D7-Pad2)'), ('GNDA', 'GNDA'), ('GND', 'GND'), ('unconnected-(SW1-Pad3)', 'unconnected-(SW4-Pad3)'), ('BUTTON_1', 'BUTTON_4'), ('/Clock Led/DOUT', '/Mux/Signal 3/LED_DOUT'), ('/Mux/Signal 1/LED_DOUT', '/Mux/Signal 4/LED_DOUT'), ('+12V', '+12V'), ('Net-(U5A--)', 'Net-(U8A--)'), ('-12VA', '-12VA'), ('/Mux/IO_1', '/Mux/IO_4')]
12-02 21:17:48 com_github_MitjaNemec_ReplicateLayout.replicate_layout 1086:Replicating zones on sheet ['Mux', 'Signal 5']
12-02 21:17:48 com_github_MitjaNemec_ReplicateLayout.replicate_layout 776:Significant difference between src net: ['', 'Clock Led', 'DOUT'] and dst net: ['', 'Mux', 'Signal 4', 'LED_DOUT'], with src_net_depth=3, dst_net_depth=4, src_fp_depth=3, dst_fp_depth=3, match level 0.67
12-02 21:17:48 com_github_MitjaNemec_ReplicateLayout.replicate_layout 792:Net pairs for sheet ['Mux', 'Signal 5'] :[('unconnected-(SW1-Pad4)', 'unconnected-(SW5-Pad4)'), ('GND', 'GND'), ('GNDA', 'GNDA'), ('unconnected-(SW1-Pad3)', 'unconnected-(SW5-Pad3)'), ('/Clock Led/DOUT', '/Mux/Signal 4/LED_DOUT'), ('Net-(J3-SIG)', 'Net-(J7-SIG)'), ('Net-(U5A--)', 'Net-(U9A--)'), ('-12VA', '-12VA'), ('+12V', '+12V'), ('/Mux/IO_1', '/Mux/IO_5'), ('/Mux/Signal 1/LED_DOUT', '/Mux/Signal 5/LED_DOUT'), ('Net-(D1-Pad2)', 'Net-(D9-Pad2)'), ('5V', '5V'), ('Net-(U5B--)', 'Net-(U9B--)'), ('BUTTON_1', 'BUTTON_5')]
12-02 21:17:48 com_github_MitjaNemec_ReplicateLayout.replicate_layout 1086:Replicating zones on sheet ['Mux', 'Signal 6']
12-02 21:17:48 com_github_MitjaNemec_ReplicateLayout.replicate_layout 776:Significant difference between src net: ['', 'Clock Led', 'DOUT'] and dst net: ['', 'Mux', 'Signal 5', 'LED_DOUT'], with src_net_depth=3, dst_net_depth=4, src_fp_depth=3, dst_fp_depth=3, match level 0.67
12-02 21:17:48 com_github_MitjaNemec_ReplicateLayout.replicate_layout 792:Net pairs for sheet ['Mux', 'Signal 6'] :[('/Mux/Signal 1/LED_DOUT', '/Mux/Signal 6/LED_DOUT'), ('Net-(J3-SIG)', 'Net-(J8-SIG)'), ('GND', 'GND'), ('GNDA', 'GNDA'), ('unconnected-(SW1-Pad4)', 'unconnected-(SW6-Pad4)'), ('Net-(U5A--)', 'Net-(U10A--)'), ('-12VA', '-12VA'), ('/Clock Led/DOUT', '/Mux/Signal 5/LED_DOUT'), ('/Mux/IO_1', '/Mux/IO_6'), ('+12V', '+12V'), ('BUTTON_1', 'BUTTON_6'), ('5V', '5V'), ('Net-(D1-Pad2)', 'Net-(D11-Pad2)'), ('Net-(U5B--)', 'Net-(U10B--)'), ('unconnected-(SW1-Pad3)', 'unconnected-(SW6-Pad3)')]
12-02 21:17:48 com_github_MitjaNemec_ReplicateLayout.replicate_layout 1086:Replicating zones on sheet ['Mux', 'Signal 7']
12-02 21:17:48 com_github_MitjaNemec_ReplicateLayout.replicate_layout 776:Significant difference between src net: ['', 'Clock Led', 'DOUT'] and dst net: ['', 'Mux', 'Signal 6', 'LED_DOUT'], with src_net_depth=3, dst_net_depth=4, src_fp_depth=3, dst_fp_depth=3, match level 0.67
12-02 21:17:48 com_github_MitjaNemec_ReplicateLayout.replicate_layout 792:Net pairs for sheet ['Mux', 'Signal 7'] :[('/Mux/IO_1', '/Mux/IO_7'), ('Net-(U5A--)', 'Net-(U11A--)'), ('unconnected-(SW1-Pad3)', 'unconnected-(SW7-Pad3)'), ('Net-(J3-SIG)', 'Net-(J9-SIG)'), ('5V', '5V'), ('GND', 'GND'), ('GNDA', 'GNDA'), ('/Clock Led/DOUT', '/Mux/Signal 6/LED_DOUT'), ('+12V', '+12V'), ('Net-(U5B--)', 'Net-(U11B--)'), ('BUTTON_1', 'BUTTON_7'), ('-12VA', '-12VA'), ('unconnected-(SW1-Pad4)', 'unconnected-(SW7-Pad4)'), ('Net-(D1-Pad2)', 'Net-(D13-Pad2)'), ('/Mux/Signal 1/LED_DOUT', '/Mux/Signal 7/LED_DOUT')]
12-02 21:17:48 com_github_MitjaNemec_ReplicateLayout.replicate_layout 1086:Replicating zones on sheet ['Mux', 'Signal 8']
12-02 21:17:48 com_github_MitjaNemec_ReplicateLayout.replicate_layout 776:Significant difference between src net: ['', 'Clock Led', 'DOUT'] and dst net: ['', 'Mux', 'Signal 7', 'LED_DOUT'], with src_net_depth=3, dst_net_depth=4, src_fp_depth=3, dst_fp_depth=3, match level 0.67
12-02 21:17:48 com_github_MitjaNemec_ReplicateLayout.replicate_layout 792:Net pairs for sheet ['Mux', 'Signal 8'] :[('Net-(D1-Pad2)', 'Net-(D15-Pad2)'), ('/Mux/Signal 1/LED_DOUT', '/Mux/WS2812_DATA_OUT'), ('5V', '5V'), ('GND', 'GND'), ('Net-(U5B--)', 'Net-(U12B--)'), ('GNDA', 'GNDA'), ('Net-(J3-SIG)', 'Net-(J10-SIG)'), ('BUTTON_1', 'BUTTON_8'), ('unconnected-(SW1-Pad3)', 'unconnected-(SW8-Pad3)'), ('unconnected-(SW1-Pad4)', 'unconnected-(SW8-Pad4)'), ('Net-(U5A--)', 'Net-(U12A--)'), ('+12V', '+12V'), ('-12VA', '-12VA'), ('/Clock Led/DOUT', '/Mux/Signal 7/LED_DOUT'), ('/Mux/IO_1', '/Mux/IO_8')]
12-02 21:17:48 root 332:updating GUI message: 'Replicating text'
12-02 21:17:48 root 337:updating GUI with: 0
12-02 21:17:48 com_github_MitjaNemec_ReplicateLayout.replicate_layout 1168:Replicating text
12-02 21:17:48 com_github_MitjaNemec_ReplicateLayout.replicate_layout 1175:Replicating text on sheet ['Mux', 'Signal 2']
12-02 21:17:48 com_github_MitjaNemec_ReplicateLayout.replicate_layout 1175:Replicating text on sheet ['Mux', 'Signal 3']
12-02 21:17:48 com_github_MitjaNemec_ReplicateLayout.replicate_layout 1175:Replicating text on sheet ['Mux', 'Signal 4']
12-02 21:17:48 com_github_MitjaNemec_ReplicateLayout.replicate_layout 1175:Replicating text on sheet ['Mux', 'Signal 5']
12-02 21:17:48 com_github_MitjaNemec_ReplicateLayout.replicate_layout 1175:Replicating text on sheet ['Mux', 'Signal 6']
12-02 21:17:48 com_github_MitjaNemec_ReplicateLayout.replicate_layout 1175:Replicating text on sheet ['Mux', 'Signal 7']
12-02 21:17:48 com_github_MitjaNemec_ReplicateLayout.replicate_layout 1175:Replicating text on sheet ['Mux', 'Signal 8']
12-02 21:17:48 root 332:updating GUI message: 'Replicating drawings'
12-02 21:17:48 com_github_MitjaNemec_ReplicateLayout.replicate_layout 1219:Replicating drawings
12-02 21:17:48 com_github_MitjaNemec_ReplicateLayout.replicate_layout 1225:Replicating drawings on sheet ['Mux', 'Signal 2']
12-02 21:17:48 com_github_MitjaNemec_ReplicateLayout.replicate_layout 1225:Replicating drawings on sheet ['Mux', 'Signal 3']
12-02 21:17:48 com_github_MitjaNemec_ReplicateLayout.replicate_layout 1225:Replicating drawings on sheet ['Mux', 'Signal 4']
12-02 21:17:48 com_github_MitjaNemec_ReplicateLayout.replicate_layout 1225:Replicating drawings on sheet ['Mux', 'Signal 5']
12-02 21:17:48 com_github_MitjaNemec_ReplicateLayout.replicate_layout 1225:Replicating drawings on sheet ['Mux', 'Signal 6']
12-02 21:17:48 com_github_MitjaNemec_ReplicateLayout.replicate_layout 1225:Replicating drawings on sheet ['Mux', 'Signal 7']
12-02 21:17:48 com_github_MitjaNemec_ReplicateLayout.replicate_layout 1225:Replicating drawings on sheet ['Mux', 'Signal 8']
12-02 21:17:48 root 332:updating GUI message: 'Removing duplicates'
12-02 21:17:48 com_github_MitjaNemec_ReplicateLayout.action_replicate_layout 256:Replication complete
12-02 21:17:48 com_github_MitjaNemec_ReplicateLayout.action_replicate_layout 259:Letting the user know there are some issues with replicated design
12-02 21:17:48 com_github_MitjaNemec_ReplicateLayout.action_replicate_layout 263:Looks like the design has an exotic connectivity that the plugin might not handle properly
 Make sure that you check the connectivity around:
Footprint D14, pad 3
Footprint D6, pad 3
Footprint D8, pad 3
Footprint D16, pad 3
Footprint D10, pad 3
Footprint D12, pad 3
Footprint D4, pad 3

