11-25 22:02:26 com_github_MitjaNemec_ReplicateLayout.action_replicate_layout 392:Plugin executed on: 'win32'
11-25 22:02:26 com_github_MitjaNemec_ReplicateLayout.action_replicate_layout 393:Plugin executed with python version: '3.11.5 (main, Jul 16 2024, 08:01:06) [MSC v.1939 64 bit (AMD64)]'
11-25 22:02:26 com_github_MitjaNemec_ReplicateLayout.action_replicate_layout 394:KiCad build version: 8.0.4
11-25 22:02:26 com_github_MitjaNemec_ReplicateLayout.action_replicate_layout 395:Plugin version: 3.0.3
11-25 22:02:26 com_github_MitjaNemec_ReplicateLayout.action_replicate_layout 396:Frame repr: <wx._core.Frame object at 0x000002252D9435B0>
11-25 22:02:26 com_github_MitjaNemec_ReplicateLayout.action_replicate_layout 420:Preparing replicator with U5 as a reference
11-25 22:02:26 com_github_MitjaNemec_ReplicateLayout.replicate_layout 117:getting a list of all footprints on board
11-25 22:02:26 com_github_MitjaNemec_ReplicateLayout.action_replicate_layout 468:source anchor footprint is 'U5'
Located on: ['Outs', 'Out Pair 1']
With filenames: ['outs.kicad_sch', 'out_pair.kicad_sch']
With sheet_id:['Outs', 'Out Pair 1']
11-25 22:02:26 com_github_MitjaNemec_ReplicateLayout.action_replicate_layout 475:Corresponding footprints are 
[('U10', ['Outs', 'Out Pair 5']), ('U6', ['Outs', 'Out Pair 2']), ('U5', ['Outs', 'Out Pair 1']), ('U8', ['Outs', 'Out Pair 4']), ('U7', ['Outs', 'Out Pair 3'])]
11-25 22:02:26 com_github_MitjaNemec_ReplicateLayout.action_replicate_layout 487:Showing dialog
11-25 22:02:26 com_github_MitjaNemec_ReplicateLayout.replicate_layout 472:constructing a list of sheets suitable for replication on level:'Out Pair 1', file:'out_pair.kicad_sch'
11-25 22:02:26 com_github_MitjaNemec_ReplicateLayout.replicate_layout 509:suitable sheets are:[['Outs', 'Out Pair 2'], ['Outs', 'Out Pair 3'], ['Outs', 'Out Pair 4'], ['Outs', 'Out Pair 5']]
11-25 22:02:26 com_github_MitjaNemec_ReplicateLayout.replicate_layout 1507:Level selected: ['Outs', 'Out Pair 1']
11-25 22:02:26 com_github_MitjaNemec_ReplicateLayout.replicate_layout 1331:Filtering list of tracks
11-25 22:02:26 com_github_MitjaNemec_ReplicateLayout.action_replicate_layout 493:Toolbar position: wx.Point(1685, 85)
11-25 22:02:26 com_github_MitjaNemec_ReplicateLayout.action_replicate_layout 498:Dialog position: wx.Point(1246, 85)
11-25 22:02:30 com_github_MitjaNemec_ReplicateLayout.replicate_layout 472:constructing a list of sheets suitable for replication on level:'Out Pair 1', file:'out_pair.kicad_sch'
11-25 22:02:30 com_github_MitjaNemec_ReplicateLayout.replicate_layout 509:suitable sheets are:[['Outs', 'Out Pair 2'], ['Outs', 'Out Pair 3'], ['Outs', 'Out Pair 4'], ['Outs', 'Out Pair 5']]
11-25 22:02:30 com_github_MitjaNemec_ReplicateLayout.action_replicate_layout 240:Replicating layout
11-25 22:02:30 com_github_MitjaNemec_ReplicateLayout.replicate_layout 288:Starting replication of sheets: [['Outs', 'Out Pair 5']]
on level: ['Outs', 'Out Pair 1']
with tracks=True, zone=True, text=True, text=True, intersecting=False, remove=False, locked footprints=False, group_only=False
11-25 22:02:30 root 332:updating GUI message: 'Preparing for replication'
11-25 22:02:30 root 337:updating GUI with: 0
11-25 22:02:30 com_github_MitjaNemec_ReplicateLayout.replicate_layout 358:Getting the list of source footprints
11-25 22:02:30 com_github_MitjaNemec_ReplicateLayout.replicate_layout 368:Getting the list of all the remaining footprints
11-25 22:02:30 com_github_MitjaNemec_ReplicateLayout.replicate_layout 375:Getting source tracks
11-25 22:02:30 com_github_MitjaNemec_ReplicateLayout.replicate_layout 1331:Filtering list of tracks
11-25 22:02:30 com_github_MitjaNemec_ReplicateLayout.replicate_layout 379:Getting source zones
11-25 22:02:30 com_github_MitjaNemec_ReplicateLayout.replicate_layout 383:Getting source text items
11-25 22:02:30 com_github_MitjaNemec_ReplicateLayout.replicate_layout 387:Getting source drawing items
11-25 22:02:30 root 332:updating GUI message: 'Replicating footprints'
11-25 22:02:30 root 337:updating GUI with: 0
11-25 22:02:30 com_github_MitjaNemec_ReplicateLayout.replicate_layout 861:Replicating footprints
11-25 22:02:30 com_github_MitjaNemec_ReplicateLayout.replicate_layout 868:Replicating footprints on sheet ['Outs', 'Out Pair 5']
11-25 22:02:30 com_github_MitjaNemec_ReplicateLayout.replicate_layout 985:Src text UUid:d3d5ab34-4eee-42b4-93fd-1d2a9a29474e
11-25 22:02:30 com_github_MitjaNemec_ReplicateLayout.replicate_layout 986:Dst text UUid:d9997bb1-8fea-4d96-a889-4b746901ad95
11-25 22:02:30 com_github_MitjaNemec_ReplicateLayout.replicate_layout 985:Src text UUid:26c91a54-c14a-4e38-b50e-9ed5cf5be636
11-25 22:02:30 com_github_MitjaNemec_ReplicateLayout.replicate_layout 986:Dst text UUid:6c22fd52-4dc8-4308-8c85-9fe970585a7a
11-25 22:02:30 com_github_MitjaNemec_ReplicateLayout.replicate_layout 985:Src text UUid:085b71dd-3eac-49f7-b48f-50a4298f6228
11-25 22:02:30 com_github_MitjaNemec_ReplicateLayout.replicate_layout 986:Dst text UUid:5c797232-99bf-4d48-9811-c6bb79202209
11-25 22:02:30 com_github_MitjaNemec_ReplicateLayout.replicate_layout 985:Src text UUid:e6621e0f-dca6-4033-9ce5-8288299ecf82
11-25 22:02:30 com_github_MitjaNemec_ReplicateLayout.replicate_layout 986:Dst text UUid:c273233c-5bc8-4880-8601-b438737738c8
11-25 22:02:30 com_github_MitjaNemec_ReplicateLayout.replicate_layout 985:Src text UUid:32940411-3dff-4115-946c-8d0aa2505ccd
11-25 22:02:30 com_github_MitjaNemec_ReplicateLayout.replicate_layout 986:Dst text UUid:14edfb4f-45fc-4c95-aa46-5c13350fd641
11-25 22:02:30 com_github_MitjaNemec_ReplicateLayout.replicate_layout 985:Src text UUid:a16607a7-a8b7-40b2-b886-185a58b3c42a
11-25 22:02:30 com_github_MitjaNemec_ReplicateLayout.replicate_layout 986:Dst text UUid:fabd5071-929c-41e5-9c34-16c81c19505d
11-25 22:02:30 com_github_MitjaNemec_ReplicateLayout.replicate_layout 985:Src text UUid:7cf3b67e-c553-4082-9b07-896736ea62c5
11-25 22:02:30 com_github_MitjaNemec_ReplicateLayout.replicate_layout 986:Dst text UUid:c6712798-9c22-4afc-a5db-1b2456ee1d17
11-25 22:02:30 com_github_MitjaNemec_ReplicateLayout.replicate_layout 985:Src text UUid:ebaa75d4-aed3-4edc-9dfd-c5240ddff619
11-25 22:02:30 com_github_MitjaNemec_ReplicateLayout.replicate_layout 986:Dst text UUid:23ac3e85-fec7-4b1e-92e8-84db4ae85ad0
11-25 22:02:30 com_github_MitjaNemec_ReplicateLayout.replicate_layout 985:Src text UUid:d831a996-cc92-4af7-98df-c56382bbd1e8
11-25 22:02:30 com_github_MitjaNemec_ReplicateLayout.replicate_layout 986:Dst text UUid:f3d4572d-8231-4818-86d8-7fbaa7b122ad
11-25 22:02:30 com_github_MitjaNemec_ReplicateLayout.replicate_layout 985:Src text UUid:0d2c1fad-19df-4bd2-b588-ebbc8c80599c
11-25 22:02:30 com_github_MitjaNemec_ReplicateLayout.replicate_layout 986:Dst text UUid:5350e8da-f0ae-4fbf-910e-15b51f7e69b2
11-25 22:02:30 com_github_MitjaNemec_ReplicateLayout.replicate_layout 985:Src text UUid:da8d5599-6af2-433f-ba12-4a9632742bd2
11-25 22:02:30 com_github_MitjaNemec_ReplicateLayout.replicate_layout 986:Dst text UUid:432a0ab3-eb09-4741-b4f4-2b3442a7894d
11-25 22:02:30 com_github_MitjaNemec_ReplicateLayout.replicate_layout 985:Src text UUid:21280c75-bf2c-4931-af6f-99ec1a2e98a2
11-25 22:02:30 com_github_MitjaNemec_ReplicateLayout.replicate_layout 986:Dst text UUid:eb5fe83f-c5ed-4cce-9fed-e0f0834949b3
11-25 22:02:30 com_github_MitjaNemec_ReplicateLayout.replicate_layout 985:Src text UUid:1021a39b-e782-445e-b4bb-95b3c980a132
11-25 22:02:30 com_github_MitjaNemec_ReplicateLayout.replicate_layout 986:Dst text UUid:6b00d21a-8129-4cbf-87ec-cc15f8d2d61e
11-25 22:02:30 com_github_MitjaNemec_ReplicateLayout.replicate_layout 985:Src text UUid:51d95a87-2744-41ab-a381-eb1220d54719
11-25 22:02:30 com_github_MitjaNemec_ReplicateLayout.replicate_layout 986:Dst text UUid:a5dbdb66-1869-4bfa-813c-caa30e1aa6f4
11-25 22:02:30 com_github_MitjaNemec_ReplicateLayout.replicate_layout 985:Src text UUid:b80155b8-02c6-443a-a589-187c4fe78e5a
11-25 22:02:30 com_github_MitjaNemec_ReplicateLayout.replicate_layout 986:Dst text UUid:0e0ab0f1-89bf-46ab-be13-8a1095773cc8
11-25 22:02:30 com_github_MitjaNemec_ReplicateLayout.replicate_layout 985:Src text UUid:e1557600-cf46-4220-a9b7-3ec8589ba7ff
11-25 22:02:30 com_github_MitjaNemec_ReplicateLayout.replicate_layout 986:Dst text UUid:8a1cc102-c0f8-4c64-a9c1-7eb042b92c9c
11-25 22:02:30 com_github_MitjaNemec_ReplicateLayout.replicate_layout 985:Src text UUid:c0983894-aed3-4001-80b0-7e0f2fbe3a88
11-25 22:02:30 com_github_MitjaNemec_ReplicateLayout.replicate_layout 986:Dst text UUid:0162910a-67d8-4b82-87ee-28651a8f6050
11-25 22:02:30 com_github_MitjaNemec_ReplicateLayout.replicate_layout 985:Src text UUid:6b00bb24-691e-4067-a2c1-89ddbf3cf363
11-25 22:02:30 com_github_MitjaNemec_ReplicateLayout.replicate_layout 986:Dst text UUid:2c7ebf58-5831-413b-a00d-de2267795a8b
11-25 22:02:30 com_github_MitjaNemec_ReplicateLayout.replicate_layout 985:Src text UUid:b69082be-aa4d-4c2f-9913-80bb891590e2
11-25 22:02:30 com_github_MitjaNemec_ReplicateLayout.replicate_layout 986:Dst text UUid:6078b336-6cbd-48b5-99f5-bb7d902c2828
11-25 22:02:30 com_github_MitjaNemec_ReplicateLayout.replicate_layout 985:Src text UUid:edb26cdc-b3b6-4c7c-9ace-9e02e972c9b9
11-25 22:02:30 com_github_MitjaNemec_ReplicateLayout.replicate_layout 986:Dst text UUid:4c42c4cb-09a3-482c-9e7c-0eabb4869661
11-25 22:02:30 com_github_MitjaNemec_ReplicateLayout.replicate_layout 985:Src text UUid:adbce01e-5ced-4d27-8fd8-add4af7de887
11-25 22:02:30 com_github_MitjaNemec_ReplicateLayout.replicate_layout 986:Dst text UUid:b78c0954-1541-4d8f-ab0c-772b90841eb0
11-25 22:02:30 com_github_MitjaNemec_ReplicateLayout.replicate_layout 985:Src text UUid:ea34e487-91d8-45fc-af47-3bc1fd71fbc0
11-25 22:02:30 com_github_MitjaNemec_ReplicateLayout.replicate_layout 986:Dst text UUid:dcb0b14c-21bd-45bf-ad14-194d05c332d2
11-25 22:02:30 com_github_MitjaNemec_ReplicateLayout.replicate_layout 985:Src text UUid:b5bda0cd-32a1-4c91-a3b3-78388964b41e
11-25 22:02:30 com_github_MitjaNemec_ReplicateLayout.replicate_layout 986:Dst text UUid:615cffa6-583b-459a-8199-c58886ece834
11-25 22:02:30 com_github_MitjaNemec_ReplicateLayout.replicate_layout 985:Src text UUid:3f311b9b-3753-43b0-b62a-409e73bee55f
11-25 22:02:30 com_github_MitjaNemec_ReplicateLayout.replicate_layout 986:Dst text UUid:b7198259-f026-4b8b-882c-3cd4abcca451
11-25 22:02:30 com_github_MitjaNemec_ReplicateLayout.replicate_layout 985:Src text UUid:4d02cd2a-443b-4043-9eef-637b1137637d
11-25 22:02:30 com_github_MitjaNemec_ReplicateLayout.replicate_layout 986:Dst text UUid:f1d111fe-aac2-46ba-9d80-824a0ee51c3c
11-25 22:02:30 com_github_MitjaNemec_ReplicateLayout.replicate_layout 985:Src text UUid:b4239632-dc30-4549-b45e-686e86acd471
11-25 22:02:30 com_github_MitjaNemec_ReplicateLayout.replicate_layout 986:Dst text UUid:68196571-6691-4369-a836-b6a103564aaa
11-25 22:02:30 com_github_MitjaNemec_ReplicateLayout.replicate_layout 985:Src text UUid:d728d327-3b2d-4c1d-a6b1-d5a4caf92037
11-25 22:02:30 com_github_MitjaNemec_ReplicateLayout.replicate_layout 986:Dst text UUid:cf454002-c406-4e13-b13d-e6d46ca36f20
11-25 22:02:30 com_github_MitjaNemec_ReplicateLayout.replicate_layout 985:Src text UUid:53fd608e-9efb-40ef-aa6b-1e24becd768f
11-25 22:02:30 com_github_MitjaNemec_ReplicateLayout.replicate_layout 986:Dst text UUid:4c2a6827-53ac-4335-84ee-e4d380b74385
11-25 22:02:30 com_github_MitjaNemec_ReplicateLayout.replicate_layout 985:Src text UUid:ede67425-9c06-45c5-b017-311e14457cff
11-25 22:02:30 com_github_MitjaNemec_ReplicateLayout.replicate_layout 986:Dst text UUid:4ece1e17-efb2-444f-8ff2-fa6619e6b24f
11-25 22:02:30 com_github_MitjaNemec_ReplicateLayout.replicate_layout 985:Src text UUid:223e980b-2659-48fc-8beb-2795fe5ca5ac
11-25 22:02:30 com_github_MitjaNemec_ReplicateLayout.replicate_layout 986:Dst text UUid:aeb06e95-aca3-4cd7-a431-764d76b8f1bc
11-25 22:02:30 com_github_MitjaNemec_ReplicateLayout.replicate_layout 985:Src text UUid:84552822-7863-4a64-8911-550b306ffb60
11-25 22:02:30 com_github_MitjaNemec_ReplicateLayout.replicate_layout 986:Dst text UUid:e2563f52-385b-4582-9cda-051c75c17bd2
11-25 22:02:30 com_github_MitjaNemec_ReplicateLayout.replicate_layout 985:Src text UUid:94354fff-4659-4d43-8feb-96a8f909e6d0
11-25 22:02:30 com_github_MitjaNemec_ReplicateLayout.replicate_layout 986:Dst text UUid:9d858ce6-bf1c-42b9-809b-63c07cbdf2b3
11-25 22:02:30 com_github_MitjaNemec_ReplicateLayout.replicate_layout 985:Src text UUid:1e7d78af-edb0-4e90-b769-594ff9ec7bc9
11-25 22:02:30 com_github_MitjaNemec_ReplicateLayout.replicate_layout 986:Dst text UUid:99d01a43-f3e4-4aea-b924-4f0e632a19cb
11-25 22:02:30 com_github_MitjaNemec_ReplicateLayout.replicate_layout 985:Src text UUid:891f1756-b59d-497c-93f2-8d8c565bf6b4
11-25 22:02:30 com_github_MitjaNemec_ReplicateLayout.replicate_layout 986:Dst text UUid:c09aecff-a9a8-4f8a-a8f0-fa1e5a703e32
11-25 22:02:30 com_github_MitjaNemec_ReplicateLayout.replicate_layout 985:Src text UUid:4b9e9b49-acf2-4c05-ada8-12132a200f44
11-25 22:02:30 com_github_MitjaNemec_ReplicateLayout.replicate_layout 986:Dst text UUid:986e2749-2945-48eb-b479-f6df263442db
11-25 22:02:30 com_github_MitjaNemec_ReplicateLayout.replicate_layout 985:Src text UUid:576b24fa-8cfc-45c0-8930-88f0c8ca39d7
11-25 22:02:30 com_github_MitjaNemec_ReplicateLayout.replicate_layout 986:Dst text UUid:44014ae8-1d87-46da-8708-b0ccee37240c
11-25 22:02:30 com_github_MitjaNemec_ReplicateLayout.replicate_layout 985:Src text UUid:45d3d360-d885-4623-a308-91bbfaf4718a
11-25 22:02:30 com_github_MitjaNemec_ReplicateLayout.replicate_layout 986:Dst text UUid:8cbac7d7-ea3e-45e5-9ea2-69bae47886af
11-25 22:02:30 com_github_MitjaNemec_ReplicateLayout.replicate_layout 985:Src text UUid:8c9dfdc4-d689-4d1e-adf6-647ff1b4eb1e
11-25 22:02:30 com_github_MitjaNemec_ReplicateLayout.replicate_layout 986:Dst text UUid:9f593996-0330-49c3-8496-546134a191f6
11-25 22:02:30 com_github_MitjaNemec_ReplicateLayout.replicate_layout 985:Src text UUid:729f37d8-e0bf-45c9-81a5-227fad677759
11-25 22:02:30 com_github_MitjaNemec_ReplicateLayout.replicate_layout 986:Dst text UUid:9ae3f180-1eeb-41fa-9c23-1afb27e4ea4b
11-25 22:02:30 com_github_MitjaNemec_ReplicateLayout.replicate_layout 985:Src text UUid:d28debb6-c19d-4e43-8d0f-ce8890006c75
11-25 22:02:30 com_github_MitjaNemec_ReplicateLayout.replicate_layout 986:Dst text UUid:4e9afb31-c8aa-4de3-90ea-372569a6d25a
11-25 22:02:30 com_github_MitjaNemec_ReplicateLayout.replicate_layout 985:Src text UUid:f553bac3-8832-44c4-9211-3599428afc05
11-25 22:02:30 com_github_MitjaNemec_ReplicateLayout.replicate_layout 986:Dst text UUid:59ea3d7c-83c8-4cb8-be8d-aca95ac4062d
11-25 22:02:30 com_github_MitjaNemec_ReplicateLayout.replicate_layout 985:Src text UUid:48a5adde-c8e6-40aa-8679-ce0d0cc35731
11-25 22:02:30 com_github_MitjaNemec_ReplicateLayout.replicate_layout 986:Dst text UUid:76b85cc6-1691-434b-a49d-4ab51a4316e5
11-25 22:02:30 com_github_MitjaNemec_ReplicateLayout.replicate_layout 985:Src text UUid:32ef7b77-9420-451c-94a4-e7fd35fb9399
11-25 22:02:30 com_github_MitjaNemec_ReplicateLayout.replicate_layout 986:Dst text UUid:c628a437-33d4-4c01-9ac7-496bd91fbed1
11-25 22:02:30 com_github_MitjaNemec_ReplicateLayout.replicate_layout 985:Src text UUid:921a27f1-885a-4ec7-93cd-0c7a53c147ee
11-25 22:02:30 com_github_MitjaNemec_ReplicateLayout.replicate_layout 986:Dst text UUid:2de3651d-f82f-4393-a3ab-62e2df94bd24
11-25 22:02:30 com_github_MitjaNemec_ReplicateLayout.replicate_layout 985:Src text UUid:4cc88e8e-cece-4f65-bee3-21ae9777a265
11-25 22:02:30 com_github_MitjaNemec_ReplicateLayout.replicate_layout 986:Dst text UUid:e1fdbddd-36cb-4db3-ab9b-c9c7281a5fa6
11-25 22:02:30 com_github_MitjaNemec_ReplicateLayout.replicate_layout 985:Src text UUid:6244b6ca-9913-4982-a2d3-7652d060d3fd
11-25 22:02:30 com_github_MitjaNemec_ReplicateLayout.replicate_layout 986:Dst text UUid:20426dcb-80ac-4e91-bdac-8c1683371d8c
11-25 22:02:30 com_github_MitjaNemec_ReplicateLayout.replicate_layout 985:Src text UUid:6e93c96e-bdb1-4cf1-96bc-44c7abc70ad7
11-25 22:02:30 com_github_MitjaNemec_ReplicateLayout.replicate_layout 986:Dst text UUid:ea7e8b1d-b3d7-43ba-93b0-d0a3c5b76084
11-25 22:02:30 com_github_MitjaNemec_ReplicateLayout.replicate_layout 985:Src text UUid:fc2d4f7c-6381-42e1-904e-a49657f36df4
11-25 22:02:30 com_github_MitjaNemec_ReplicateLayout.replicate_layout 986:Dst text UUid:09b53277-1e43-4748-82ea-1290ab600507
11-25 22:02:30 com_github_MitjaNemec_ReplicateLayout.replicate_layout 985:Src text UUid:97813f56-3893-49da-9568-1498f3f6a334
11-25 22:02:30 com_github_MitjaNemec_ReplicateLayout.replicate_layout 986:Dst text UUid:2378a778-be81-44cd-86ef-524d4ec1dc35
11-25 22:02:30 com_github_MitjaNemec_ReplicateLayout.replicate_layout 985:Src text UUid:c26c5d37-5d74-4afa-aa77-1834c369d34e
11-25 22:02:30 com_github_MitjaNemec_ReplicateLayout.replicate_layout 986:Dst text UUid:79d6acfb-ce26-48c5-8c36-4e93e92be050
11-25 22:02:30 com_github_MitjaNemec_ReplicateLayout.replicate_layout 985:Src text UUid:e9e55502-3d80-4850-ba07-2dabcc1c4b0d
11-25 22:02:30 com_github_MitjaNemec_ReplicateLayout.replicate_layout 986:Dst text UUid:a2c1a383-8bf4-4dfd-9d0f-39ec420c1c0c
11-25 22:02:30 com_github_MitjaNemec_ReplicateLayout.replicate_layout 985:Src text UUid:d4a2008d-5acc-4ed0-b31d-6bad139cbec7
11-25 22:02:30 com_github_MitjaNemec_ReplicateLayout.replicate_layout 986:Dst text UUid:2fec4d2c-58a9-4482-9202-8c27b4afb024
11-25 22:02:30 com_github_MitjaNemec_ReplicateLayout.replicate_layout 985:Src text UUid:0f255cd8-39f1-4659-8e0d-298cc9b07327
11-25 22:02:30 com_github_MitjaNemec_ReplicateLayout.replicate_layout 986:Dst text UUid:99bca88e-d37e-4b43-a8c1-854dd9a253d3
11-25 22:02:30 com_github_MitjaNemec_ReplicateLayout.replicate_layout 985:Src text UUid:fbf08b1d-82f0-406e-88f1-52ee7c576b2b
11-25 22:02:30 com_github_MitjaNemec_ReplicateLayout.replicate_layout 986:Dst text UUid:99b16216-de32-4ad5-baf8-b5887dffc3e6
11-25 22:02:30 com_github_MitjaNemec_ReplicateLayout.replicate_layout 985:Src text UUid:474eebfb-b0fe-473c-baba-35614650f321
11-25 22:02:30 com_github_MitjaNemec_ReplicateLayout.replicate_layout 986:Dst text UUid:5f5cff64-afe8-4e77-91e5-6a49e4886d57
11-25 22:02:30 com_github_MitjaNemec_ReplicateLayout.replicate_layout 985:Src text UUid:77823e33-316f-4cc6-b54d-2e8739b1a9d7
11-25 22:02:30 com_github_MitjaNemec_ReplicateLayout.replicate_layout 986:Dst text UUid:0bf223dd-9513-4b64-9410-860841778273
11-25 22:02:30 com_github_MitjaNemec_ReplicateLayout.replicate_layout 985:Src text UUid:01b2c3b6-94ab-4ad3-ab15-7748dc9ee7ef
11-25 22:02:30 com_github_MitjaNemec_ReplicateLayout.replicate_layout 986:Dst text UUid:73ab9691-68fc-4710-bc95-fdf5de91ad7c
11-25 22:02:30 com_github_MitjaNemec_ReplicateLayout.replicate_layout 985:Src text UUid:256afab0-5b87-4ad7-ba61-ebfb8bd92950
11-25 22:02:30 com_github_MitjaNemec_ReplicateLayout.replicate_layout 986:Dst text UUid:46f23776-d1e2-4f3b-834c-940fefe7d9c5
11-25 22:02:30 com_github_MitjaNemec_ReplicateLayout.replicate_layout 985:Src text UUid:7c4aaf26-c4a9-45e9-982f-a3d53474dc5a
11-25 22:02:30 com_github_MitjaNemec_ReplicateLayout.replicate_layout 986:Dst text UUid:34f4d887-ea51-4a5e-a711-8806c48eb391
11-25 22:02:30 com_github_MitjaNemec_ReplicateLayout.replicate_layout 985:Src text UUid:7c596200-acd6-4504-b2ce-b02abaaffdf9
11-25 22:02:30 com_github_MitjaNemec_ReplicateLayout.replicate_layout 986:Dst text UUid:68dc381e-e79a-4eb1-bb8d-e65a3703713b
11-25 22:02:30 com_github_MitjaNemec_ReplicateLayout.replicate_layout 985:Src text UUid:47073b2a-d3a7-423d-ac93-a9acdf8bb903
11-25 22:02:30 com_github_MitjaNemec_ReplicateLayout.replicate_layout 986:Dst text UUid:aac2ba65-1773-4141-aee2-853f7e3969f4
11-25 22:02:30 com_github_MitjaNemec_ReplicateLayout.replicate_layout 985:Src text UUid:8bc6c87b-82ce-48b9-a382-42ba974adf0e
11-25 22:02:30 com_github_MitjaNemec_ReplicateLayout.replicate_layout 986:Dst text UUid:e38d2de6-cd24-4418-bfcf-65f73cf3a5d2
11-25 22:02:30 root 332:updating GUI message: 'Replicating tracks'
11-25 22:02:30 root 337:updating GUI with: 0
11-25 22:02:30 com_github_MitjaNemec_ReplicateLayout.replicate_layout 1009:Replicating tracks
11-25 22:02:30 com_github_MitjaNemec_ReplicateLayout.replicate_layout 1015:Replicating tracks on sheet ['Outs', 'Out Pair 5']
11-25 22:02:30 com_github_MitjaNemec_ReplicateLayout.replicate_layout 792:Net pairs for sheet ['Outs', 'Out Pair 5'] :[('+12V', '+12V'), ('/Outs/Out Pair 1/OP2_OUT', '/Outs/Out Pair 5/OP2_OUT'), ('/Outs/Out Pair 1/OP2_POS', '/Outs/Out Pair 5/OP2_POS'), ('/Outs/Out Pair 1/OP2_NEG', '/Outs/Out Pair 5/OP2_NEG'), ('Net-(C16-Pad1)', 'Net-(C69-Pad1)'), ('AVSS', 'AVSS'), ('Net-(C13-Pad1)', 'Net-(C68-Pad1)'), ('/DAC/AOUTR1N', '/Outs/Out Pair 5/AOUTRN'), ('/Outs/Out Pair 1/OP1_OUT', '/Outs/Out Pair 5/OP1_OUT'), ('/DAC/AOUTL1P', '/Outs/Out Pair 5/AOUTLP'), ('/Outs/Out Pair 1/OP1_NEG', '/Outs/Out Pair 5/OP1_NEG'), ('Net-(C16-Pad2)', 'Net-(C69-Pad2)'), ('/Outs/Out Pair 1/OP1_POS', '/Outs/Out Pair 5/OP1_POS'), ('Net-(C13-Pad2)', 'Net-(C68-Pad2)'), ('/DAC/AOUTL1N', '/Outs/Out Pair 5/AOUTLN'), ('-12VA', '-12VA'), ('/DAC/AOUTR1P', '/Outs/Out Pair 5/AOUTRP')]
11-25 22:02:30 root 332:updating GUI message: 'Replicating zones'
11-25 22:02:30 com_github_MitjaNemec_ReplicateLayout.replicate_layout 1079:Replicating zones
11-25 22:02:30 com_github_MitjaNemec_ReplicateLayout.replicate_layout 1086:Replicating zones on sheet ['Outs', 'Out Pair 5']
11-25 22:02:30 com_github_MitjaNemec_ReplicateLayout.replicate_layout 792:Net pairs for sheet ['Outs', 'Out Pair 5'] :[('+12V', '+12V'), ('/Outs/Out Pair 1/OP2_OUT', '/Outs/Out Pair 5/OP2_OUT'), ('/Outs/Out Pair 1/OP2_POS', '/Outs/Out Pair 5/OP2_POS'), ('/Outs/Out Pair 1/OP2_NEG', '/Outs/Out Pair 5/OP2_NEG'), ('Net-(C16-Pad1)', 'Net-(C69-Pad1)'), ('AVSS', 'AVSS'), ('Net-(C13-Pad1)', 'Net-(C68-Pad1)'), ('/DAC/AOUTR1N', '/Outs/Out Pair 5/AOUTRN'), ('/Outs/Out Pair 1/OP1_OUT', '/Outs/Out Pair 5/OP1_OUT'), ('/DAC/AOUTL1P', '/Outs/Out Pair 5/AOUTLP'), ('/Outs/Out Pair 1/OP1_NEG', '/Outs/Out Pair 5/OP1_NEG'), ('Net-(C16-Pad2)', 'Net-(C69-Pad2)'), ('/Outs/Out Pair 1/OP1_POS', '/Outs/Out Pair 5/OP1_POS'), ('Net-(C13-Pad2)', 'Net-(C68-Pad2)'), ('/DAC/AOUTL1N', '/Outs/Out Pair 5/AOUTLN'), ('-12VA', '-12VA'), ('/DAC/AOUTR1P', '/Outs/Out Pair 5/AOUTRP')]
11-25 22:02:30 root 332:updating GUI message: 'Replicating text'
11-25 22:02:30 com_github_MitjaNemec_ReplicateLayout.replicate_layout 1168:Replicating text
11-25 22:02:30 com_github_MitjaNemec_ReplicateLayout.replicate_layout 1175:Replicating text on sheet ['Outs', 'Out Pair 5']
11-25 22:02:30 root 332:updating GUI message: 'Replicating drawings'
11-25 22:02:30 com_github_MitjaNemec_ReplicateLayout.replicate_layout 1219:Replicating drawings
11-25 22:02:30 com_github_MitjaNemec_ReplicateLayout.replicate_layout 1225:Replicating drawings on sheet ['Outs', 'Out Pair 5']
11-25 22:02:31 com_github_MitjaNemec_ReplicateLayout.action_replicate_layout 256:Replication complete
